0:0:0:0:0:0:0:1 - - [03/Jan/2019:10:08:11 +0800] "POST /rest/start/signup HTTP/1.1" 200 70
0:0:0:0:0:0:0:1 - - [03/Jan/2019:10:09:53 +0800] "POST /rest/v1/conference/?memberId=zWT6JE0dBV03sGfL HTTP/1.1" 500 200
0:0:0:0:0:0:0:1 - - [03/Jan/2019:10:10:08 +0800] "POST /rest/v1/conference/?memberId=zWT6JE0dBV03sGfL HTTP/1.1" 200 206
0:0:0:0:0:0:0:1 - - [03/Jan/2019:10:11:05 +0800] "POST /rest/v1/conference/?memberId=zWT6JE0dBV03sGfL HTTP/1.1" 200 207
0:0:0:0:0:0:0:1 - - [03/Jan/2019:10:11:23 +0800] "GET /rest/v1/conference/5c2d6f394335e523f0c50857/guide/list HTTP/1.1" 200 47
0:0:0:0:0:0:0:1 - - [03/Jan/2019:10:11:32 +0800] "POST /rest/v1/conference/5c2d6f394335e523f0c50857/activity/ HTTP/1.1" 200 165
0:0:0:0:0:0:0:1 - - [03/Jan/2019:10:11:42 +0800] "GET /rest/v1/conference/5c2d6f394335e523f0c50857/activity/list HTTP/1.1" 200 179
0:0:0:0:0:0:0:1 - - [03/Jan/2019:10:12:12 +0800] "GET /rest/v1/answer/exam/5c2c8222b0f7a422ac560ca3/start?memberId=zWT6JE0dBV03sGfL HTTP/1.1" 500 204
0:0:0:0:0:0:0:1 - - [03/Jan/2019:10:12:36 +0800] "POST /rest/v1/client/5c2c6d4d1c345a2084583163/signin?memberId=zWT6JE0dBV03sGfL HTTP/1.1" 500 200
0:0:0:0:0:0:0:1 - - [03/Jan/2019:10:13:06 +0800] "POST /rest/v1/client/5c2d6f394335e523f0c50857/signin?memberId=zWT6JE0dBV03sGfL HTTP/1.1" 500 201
0:0:0:0:0:0:0:1 - - [03/Jan/2019:10:13:24 +0800] "GET /rest/v1/conference/5c2d6f394335e523f0c50857/activity/list HTTP/1.1" 200 179
0:0:0:0:0:0:0:1 - - [03/Jan/2019:10:13:34 +0800] "POST /rest/v1/client/5c2d6f544335e523f0c50858/signin?memberId=zWT6JE0dBV03sGfL HTTP/1.1" 500 200
0:0:0:0:0:0:0:1 - - [03/Jan/2019:10:14:19 +0800] "POST /rest/v1/conference/5c2d6f394335e523f0c50857/activity/ HTTP/1.1" 500 229
0:0:0:0:0:0:0:1 - - [03/Jan/2019:10:14:44 +0800] "GET /rest/v1/conference/5c2d6f394335e523f0c50857/activity/list HTTP/1.1" 200 179
0:0:0:0:0:0:0:1 - - [03/Jan/2019:10:15:05 +0800] "POST /rest/v1/client/5c2d6f544335e523f0c50858/signin?memberId=zWT6JE0dBV03sGfL HTTP/1.1" 500 200
0:0:0:0:0:0:0:1 - - [03/Jan/2019:10:16:05 +0800] "GET /rest/v1/conference/5c2d6f394335e523f0c50857/guide/list HTTP/1.1" 200 47
0:0:0:0:0:0:0:1 - - [03/Jan/2019:10:43:45 +0800] "GET /swagger-resources/configuration/ui HTTP/1.1" 200 259
0:0:0:0:0:0:0:1 - - [03/Jan/2019:10:43:45 +0800] "GET /swagger-resources/configuration/security HTTP/1.1" 200 28
0:0:0:0:0:0:0:1 - - [03/Jan/2019:10:43:45 +0800] "GET /swagger-resources HTTP/1.1" 200 105
0:0:0:0:0:0:0:1 - - [03/Jan/2019:10:43:49 +0800] "GET /v2/api-docs?group=REST%20API HTTP/1.1" 200 13449
0:0:0:0:0:0:0:1 - - [03/Jan/2019:13:55:47 +0800] "POST /rest/start/signup HTTP/1.1" 200 70
0:0:0:0:0:0:0:1 - - [03/Jan/2019:14:10:30 +0800] "GET /rest/start/signup HTTP/1.1" 405 337
0:0:0:0:0:0:0:1 - - [03/Jan/2019:14:10:32 +0800] "GET /favicon.ico HTTP/1.1" 200 946
0:0:0:0:0:0:0:1 - - [03/Jan/2019:14:11:05 +0800] "GET /rest/v1/answer/exam/5c2c8222b0f7a422ac560ca3/start?memberId=zWT6JE0dBV03sGfL HTTP/1.1" 500 204
0:0:0:0:0:0:0:1 - - [03/Jan/2019:14:14:50 +0800] "GET /test/get HTTP/1.1" 200 9
0:0:0:0:0:0:0:1 - - [03/Jan/2019:14:40:00 +0800] "GET /test/get HTTP/1.1" 200 9
0:0:0:0:0:0:0:1 - - [03/Jan/2019:14:40:01 +0800] "GET /test/get HTTP/1.1" 200 9
0:0:0:0:0:0:0:1 - - [03/Jan/2019:14:40:20 +0800] "GET /test/get HTTP/1.1" 200 9
0:0:0:0:0:0:0:1 - - [03/Jan/2019:14:41:39 +0800] "GET /test/get HTTP/1.1" 200 9
