0:0:0:0:0:0:0:1 - - [07/Jan/2019:10:50:58 +0800] "GET /rest/v1/conference/5c2d6eff4335e523f0c50856/background?backgroundType=COMMON HTTP/1.1" 200 -
0:0:0:0:0:0:0:1 - - [07/Jan/2019:10:54:16 +0800] "GET /rest/v1/conference/5c2d6eff4335e523f0c50856/guide/list HTTP/1.1" 200 47
0:0:0:0:0:0:0:1 - - [07/Jan/2019:11:00:39 +0800] "GET /rest/v1/conference/5c2d6eff4335e523f0c50856/guide/list HTTP/1.1" 200 47
0:0:0:0:0:0:0:1 - - [07/Jan/2019:11:16:50 +0800] "GET /rest/v1/conference/5c2d6eff4335e523f0c50856/background?backgroundType=COMMON HTTP/1.1" 200 -
0:0:0:0:0:0:0:1 - - [07/Jan/2019:11:21:29 +0800] "GET /rest/v1/conference/5c2d6eff4335e523f0c50856/background?backgroundType=COMMON HTTP/1.1" 200 -
0:0:0:0:0:0:0:1 - - [07/Jan/2019:11:21:33 +0800] "GET /rest/v1/conference/5c2d6eff4335e523f0c50856/guide/list HTTP/1.1" 200 47
0:0:0:0:0:0:0:1 - - [07/Jan/2019:11:21:42 +0800] "GET /rest/v1/conference/5c2d6eff4335e523f0c50856/background?backgroundType=COMMON HTTP/1.1" 200 -
0:0:0:0:0:0:0:1 - - [07/Jan/2019:11:27:20 +0800] "GET /rest/v1/conference/5c2d6eff4335e523f0c50856/background?backgroundType=COMMON HTTP/1.1" 500 205
0:0:0:0:0:0:0:1 - - [07/Jan/2019:13:52:50 +0800] "GET /rest/v1/conference/list HTTP/1.1" 200 253
0:0:0:0:0:0:0:1 - - [07/Jan/2019:13:55:30 +0800] "GET /swagger-ui.html HTTP/1.1" 200 1196
0:0:0:0:0:0:0:1 - - [07/Jan/2019:13:55:36 +0800] "GET /webjars/springfox-swagger-ui/springfox.css?v=2.9.0 HTTP/1.1" 200 462
0:0:0:0:0:0:0:1 - - [07/Jan/2019:13:55:36 +0800] "GET /webjars/springfox-swagger-ui/swagger-ui.css?v=2.9.0 HTTP/1.1" 200 22643
0:0:0:0:0:0:0:1 - - [07/Jan/2019:13:55:36 +0800] "GET /webjars/springfox-swagger-ui/springfox.js?v=2.9.0 HTTP/1.1" 200 30415
0:0:0:0:0:0:0:1 - - [07/Jan/2019:13:55:36 +0800] "GET /webjars/springfox-swagger-ui/swagger-ui-standalone-preset.js?v=2.9.0 HTTP/1.1" 200 122392
0:0:0:0:0:0:0:1 - - [07/Jan/2019:13:55:37 +0800] "GET /webjars/springfox-swagger-ui/swagger-ui-bundle.js?v=2.9.0 HTTP/1.1" 200 439011
0:0:0:0:0:0:0:1 - - [07/Jan/2019:13:55:37 +0800] "GET /webjars/springfox-swagger-ui/favicon-32x32.png?v=2.9.0 HTTP/1.1" 200 1141
0:0:0:0:0:0:0:1 - - [07/Jan/2019:13:55:37 +0800] "GET /webjars/springfox-swagger-ui/favicon-16x16.png?v=2.9.0 HTTP/1.1" 200 445
0:0:0:0:0:0:0:1 - - [07/Jan/2019:13:55:37 +0800] "GET /swagger-resources/configuration/ui HTTP/1.1" 200 259
0:0:0:0:0:0:0:1 - - [07/Jan/2019:13:55:37 +0800] "GET /swagger-resources/configuration/security HTTP/1.1" 200 28
0:0:0:0:0:0:0:1 - - [07/Jan/2019:13:55:37 +0800] "GET /swagger-resources HTTP/1.1" 200 105
0:0:0:0:0:0:0:1 - - [07/Jan/2019:13:55:37 +0800] "GET /webjars/springfox-swagger-ui/fonts/titillium-web-v6-latin-700.woff2 HTTP/1.1" 200 11640
0:0:0:0:0:0:0:1 - - [07/Jan/2019:13:55:37 +0800] "GET /webjars/springfox-swagger-ui/fonts/open-sans-v15-latin-regular.woff2 HTTP/1.1" 200 14048
0:0:0:0:0:0:0:1 - - [07/Jan/2019:13:55:38 +0800] "GET /v2/api-docs?group=REST%20API HTTP/1.1" 200 13473
0:0:0:0:0:0:0:1 - - [07/Jan/2019:13:55:38 +0800] "GET /webjars/springfox-swagger-ui/fonts/open-sans-v15-latin-700.woff2 HTTP/1.1" 200 14720
0:0:0:0:0:0:0:1 - - [07/Jan/2019:13:55:38 +0800] "GET /webjars/springfox-swagger-ui/fonts/source-code-pro-v7-latin-300.woff2 HTTP/1.1" 200 13292
0:0:0:0:0:0:0:1 - - [07/Jan/2019:13:55:46 +0800] "GET /webjars/springfox-swagger-ui/fonts/source-code-pro-v7-latin-600.woff2 HTTP/1.1" 200 12956
0:0:0:0:0:0:0:1 - - [07/Jan/2019:13:55:48 +0800] "GET /v2/api-docs?group=REST%20API HTTP/1.1" 200 13473
0:0:0:0:0:0:0:1 - - [07/Jan/2019:13:55:49 +0800] "GET /webjars/springfox-swagger-ui/fonts/titillium-web-v6-latin-regular.woff2 HTTP/1.1" 200 12264
0:0:0:0:0:0:0:1 - - [07/Jan/2019:13:57:55 +0800] "POST /error HTTP/1.1" 400 153
0:0:0:0:0:0:0:1 - - [07/Jan/2019:13:58:48 +0800] "POST /rest/v1/conference/?memberId=zWT6JE0dBV03sGfL HTTP/1.1" 200 160
0:0:0:0:0:0:0:1 - - [07/Jan/2019:14:15:22 +0800] "GET /swagger-resources/configuration/security HTTP/1.1" 200 28
0:0:0:0:0:0:0:1 - - [07/Jan/2019:14:15:23 +0800] "GET /swagger-resources HTTP/1.1" 200 105
0:0:0:0:0:0:0:1 - - [07/Jan/2019:14:15:23 +0800] "GET /v2/api-docs?group=REST%20API HTTP/1.1" 200 13473
0:0:0:0:0:0:0:1 - - [07/Jan/2019:14:15:24 +0800] "GET /v2/api-docs?group=REST%20API HTTP/1.1" 200 13473
0:0:0:0:0:0:0:1 - - [07/Jan/2019:15:54:19 +0800] "POST /rest/v1/conference/file/ HTTP/1.1" 405 157
0:0:0:0:0:0:0:1 - - [07/Jan/2019:15:54:38 +0800] "POST /rest/v1/conference/file/fileUpload HTTP/1.1" 500 188
0:0:0:0:0:0:0:1 - - [07/Jan/2019:15:55:25 +0800] "POST /rest/v1/conference/file/fileUpload HTTP/1.1" 500 189
0:0:0:0:0:0:0:1 - - [07/Jan/2019:16:03:59 +0800] "POST /error HTTP/1.1" 500 221
0:0:0:0:0:0:0:1 - - [07/Jan/2019:16:04:46 +0800] "POST /rest/v1/conference/file/fileUpload HTTP/1.1" 400 156
0:0:0:0:0:0:0:1 - - [07/Jan/2019:16:04:55 +0800] "POST /rest/v1/conference/file/fileUpload HTTP/1.1" 500 189
0:0:0:0:0:0:0:1 - - [07/Jan/2019:16:06:01 +0800] "POST /rest/v1/conference/file/fileUpload HTTP/1.1" 500 189
0:0:0:0:0:0:0:1 - - [07/Jan/2019:16:06:22 +0800] "POST /rest/v1/conference/file/fileUpload HTTP/1.1" 500 189
0:0:0:0:0:0:0:1 - - [07/Jan/2019:16:06:33 +0800] "POST /rest/v1/conference/file/fileUpload HTTP/1.1" 500 221
0:0:0:0:0:0:0:1 - - [07/Jan/2019:16:11:02 +0800] "POST /rest/start/signup/admin HTTP/1.1" 400 120
0:0:0:0:0:0:0:1 - - [07/Jan/2019:16:11:21 +0800] "POST /rest/start/signup/admin HTTP/1.1" 400 121
0:0:0:0:0:0:0:1 - - [07/Jan/2019:16:12:14 +0800] "POST /rest/start/signup/admin HTTP/1.1" 400 121
0:0:0:0:0:0:0:1 - - [07/Jan/2019:16:12:30 +0800] "POST /rest/start/signup/admin HTTP/1.1" 400 120
0:0:0:0:0:0:0:1 - - [07/Jan/2019:16:18:09 +0800] "POST /rest/start/signup/admin HTTP/1.1" 400 120
0:0:0:0:0:0:0:1 - - [07/Jan/2019:16:20:32 +0800] "POST /rest/start/signup/admin HTTP/1.1" 400 121
127.0.0.1 - - [07/Jan/2019:16:22:13 +0800] "POST /rest/start/signup/admin HTTP/1.1" 200 70
0:0:0:0:0:0:0:1 - - [07/Jan/2019:16:42:01 +0800] "GET /rest/v1/conference/list HTTP/1.1" 200 305
0:0:0:0:0:0:0:1 - - [07/Jan/2019:16:45:57 +0800] "GET /rest/v1/conference/5c2d6f394335e523f0c50857 HTTP/1.1" 200 145
0:0:0:0:0:0:0:1 - - [07/Jan/2019:19:24:35 +0800] "POST /rest/v1/conference/?memberId=zWT6JE0dBV03sGfL HTTP/1.1" 200 159
0:0:0:0:0:0:0:1 - - [07/Jan/2019:19:26:05 +0800] "GET /rest/v1/conference/5c3336f280f9e30484afced3/guide/list HTTP/1.1" 200 358
0:0:0:0:0:0:0:1 - - [07/Jan/2019:19:26:56 +0800] "GET /rest/v1/conference/5c3336f280f9e30484afced3/background/ HTTP/1.1" 400 181
0:0:0:0:0:0:0:1 - - [07/Jan/2019:19:27:00 +0800] "GET /rest/v1/conference/5c3336f280f9e30484afced3/background HTTP/1.1" 400 180
0:0:0:0:0:0:0:1 - - [07/Jan/2019:19:27:30 +0800] "GET /rest/v1/conference/5c3336f280f9e30484afced3/background?backgroundType=COMMON HTTP/1.1" 200 451
