0:0:0:0:0:0:0:1 - - [02/Jan/2019:10:59:43 +0800] "POST /error HTTP/1.1" 401 -
0:0:0:0:0:0:0:1 - - [02/Jan/2019:11:00:13 +0800] "POST /error HTTP/1.1" 401 -
0:0:0:0:0:0:0:1 - - [02/Jan/2019:11:04:48 +0800] "POST /error HTTP/1.1" 401 -
0:0:0:0:0:0:0:1 - - [02/Jan/2019:11:21:30 +0800] "POST /error HTTP/1.1" 401 -
0:0:0:0:0:0:0:1 - - [02/Jan/2019:11:22:17 +0800] "GET /rest/v1/question/blank/list HTTP/1.1" 401 127
0:0:0:0:0:0:0:1 - - [02/Jan/2019:13:40:28 +0800] "GET /rest/v1/question/blank/list HTTP/1.1" 401 128
0:0:0:0:0:0:0:1 - - [02/Jan/2019:13:40:44 +0800] "POST /error HTTP/1.1" 401 -
0:0:0:0:0:0:0:1 - - [02/Jan/2019:13:44:08 +0800] "POST /error HTTP/1.1" 401 -
0:0:0:0:0:0:0:1 - - [02/Jan/2019:13:44:31 +0800] "GET /rest/v1/question/blank/list HTTP/1.1" 401 127
0:0:0:0:0:0:0:1 - - [02/Jan/2019:13:49:19 +0800] "GET /rest/v1/question/blank/list HTTP/1.1" 401 127
0:0:0:0:0:0:0:1 - - [02/Jan/2019:13:52:38 +0800] "GET /rest/v1/question/blank/list HTTP/1.1" 401 127
0:0:0:0:0:0:0:1 - - [02/Jan/2019:14:02:25 +0800] "GET /rest/v1/question/blank/list HTTP/1.1" 401 127
0:0:0:0:0:0:0:1 - - [02/Jan/2019:14:27:33 +0800] "GET /rest/v1/question/blank/list HTTP/1.1" 200 332
0:0:0:0:0:0:0:1 - - [02/Jan/2019:14:27:50 +0800] "POST /rest/v1/question/blank HTTP/1.1" 200 126
0:0:0:0:0:0:0:1 - - [02/Jan/2019:14:46:29 +0800] "POST /error HTTP/1.1" 404 111
0:0:0:0:0:0:0:1 - - [02/Jan/2019:14:46:40 +0800] "POST /error HTTP/1.1" 404 110
0:0:0:0:0:0:0:1 - - [02/Jan/2019:14:47:21 +0800] "POST /error HTTP/1.1" 404 110
0:0:0:0:0:0:0:1 - - [02/Jan/2019:14:48:47 +0800] "POST /error HTTP/1.1" 404 110
0:0:0:0:0:0:0:1 - - [02/Jan/2019:14:49:14 +0800] "PUT /error HTTP/1.1" 404 110
0:0:0:0:0:0:0:1 - - [02/Jan/2019:14:49:33 +0800] "POST /error HTTP/1.1" 404 110
0:0:0:0:0:0:0:1 - - [02/Jan/2019:14:50:21 +0800] "GET /rest/v1/question/blank/list HTTP/1.1" 200 379
0:0:0:0:0:0:0:1 - - [02/Jan/2019:14:50:31 +0800] "POST /error HTTP/1.1" 404 110
0:0:0:0:0:0:0:1 - - [02/Jan/2019:14:52:05 +0800] "POST /error HTTP/1.1" 404 110
0:0:0:0:0:0:0:1 - - [02/Jan/2019:14:53:12 +0800] "GET /rest/v1/question/blank/list HTTP/1.1" 200 379
0:0:0:0:0:0:0:1 - - [02/Jan/2019:14:53:34 +0800] "POST /error HTTP/1.1" 404 110
0:0:0:0:0:0:0:1 - - [02/Jan/2019:14:53:55 +0800] "POST /error HTTP/1.1" 404 110
0:0:0:0:0:0:0:1 - - [02/Jan/2019:14:55:35 +0800] "POST /rest/start/signup HTTP/1.1" 200 70
0:0:0:0:0:0:0:1 - - [02/Jan/2019:15:10:52 +0800] "POST /rest/v1/conference/?memberId=C9JwYm5R68Bca5YI HTTP/1.1" 500 200
0:0:0:0:0:0:0:1 - - [02/Jan/2019:15:14:31 +0800] "POST /rest/v1/conference/?memberId=C9JwYm5R68Bca5YI HTTP/1.1" 200 195
0:0:0:0:0:0:0:1 - - [02/Jan/2019:15:18:46 +0800] "GET /rest/v1/conference/5c2c64d71c345a208458315d/guide/list HTTP/1.1" 200 359
0:0:0:0:0:0:0:1 - - [02/Jan/2019:15:44:59 +0800] "GET /rest/v1/conference/qrcode?shortUrl=www.baidu.com HTTP/1.1" 500 207
0:0:0:0:0:0:0:1 - - [02/Jan/2019:15:48:02 +0800] "GET /rest/v1/conference/5c2c64d71c345a208458315d/activity/list HTTP/1.1" 200 47
0:0:0:0:0:0:0:1 - - [02/Jan/2019:15:50:37 +0800] "POST /rest/v1/conference/5c2c64d71c345a208458315d/activity/ HTTP/1.1" 200 166
0:0:0:0:0:0:0:1 - - [02/Jan/2019:15:50:59 +0800] "GET /rest/v1/conference/5c2c64d71c345a208458315d/activity/list HTTP/1.1" 200 180
0:0:0:0:0:0:0:1 - - [02/Jan/2019:15:53:26 +0800] "POST /rest/v1/client/5c2c6d4d1c345a2084583163/signin?memberId=C9JwYm5R68Bca5YI HTTP/1.1" 200 172
0:0:0:0:0:0:0:1 - - [02/Jan/2019:15:56:38 +0800] "GET /rest/v1/conference/5c2c64d71c345a208458315d/guest/template HTTP/1.1" 500 222
0:0:0:0:0:0:0:1 - - [02/Jan/2019:15:59:27 +0800] "GET /rest/v1/conference/5c2c64d71c345a208458315d/guest/template HTTP/1.1" 200 13594
0:0:0:0:0:0:0:1 - - [02/Jan/2019:16:03:38 +0800] "POST /rest/v1/answer/question/5c2c59e61c345a0f7413c826/import HTTP/1.1" 200 49
0:0:0:0:0:0:0:1 - - [02/Jan/2019:16:07:42 +0800] "GET /rest/v1/answer/question/5c2c59e61c345a0f7413c826/list HTTP/1.1" 200 2071
0:0:0:0:0:0:0:1 - - [02/Jan/2019:16:49:14 +0800] "GET /swagger-ui.html HTTP/1.1" 200 1196
0:0:0:0:0:0:0:1 - - [02/Jan/2019:16:49:14 +0800] "GET /swagger-ui.html HTTP/1.1" 200 1196
0:0:0:0:0:0:0:1 - - [02/Jan/2019:16:49:14 +0800] "GET /webjars/springfox-swagger-ui/springfox.css?v=2.9.0 HTTP/1.1" 200 462
0:0:0:0:0:0:0:1 - - [02/Jan/2019:16:49:14 +0800] "GET /webjars/springfox-swagger-ui/swagger-ui.css?v=2.9.0 HTTP/1.1" 200 22643
0:0:0:0:0:0:0:1 - - [02/Jan/2019:16:49:15 +0800] "GET /webjars/springfox-swagger-ui/springfox.js?v=2.9.0 HTTP/1.1" 200 30415
0:0:0:0:0:0:0:1 - - [02/Jan/2019:16:49:15 +0800] "GET /webjars/springfox-swagger-ui/swagger-ui-bundle.js?v=2.9.0 HTTP/1.1" 200 439011
0:0:0:0:0:0:0:1 - - [02/Jan/2019:16:49:15 +0800] "GET /webjars/springfox-swagger-ui/swagger-ui-standalone-preset.js?v=2.9.0 HTTP/1.1" 200 122392
0:0:0:0:0:0:0:1 - - [02/Jan/2019:16:49:17 +0800] "GET /webjars/springfox-swagger-ui/favicon-32x32.png?v=2.9.0 HTTP/1.1" 200 1141
0:0:0:0:0:0:0:1 - - [02/Jan/2019:16:49:17 +0800] "GET /webjars/springfox-swagger-ui/favicon-16x16.png?v=2.9.0 HTTP/1.1" 200 445
0:0:0:0:0:0:0:1 - - [02/Jan/2019:16:49:20 +0800] "GET /swagger-resources/configuration/ui HTTP/1.1" 200 259
0:0:0:0:0:0:0:1 - - [02/Jan/2019:16:49:20 +0800] "GET /swagger-ui.html.* HTTP/1.1" 404 295
0:0:0:0:0:0:0:1 - - [02/Jan/2019:16:49:20 +0800] "GET /swagger-resources/configuration/security HTTP/1.1" 200 28
0:0:0:0:0:0:0:1 - - [02/Jan/2019:16:49:20 +0800] "GET /swagger-resources HTTP/1.1" 200 105
0:0:0:0:0:0:0:1 - - [02/Jan/2019:16:49:21 +0800] "GET /webjars/springfox-swagger-ui/fonts/titillium-web-v6-latin-700.woff2 HTTP/1.1" 200 11640
0:0:0:0:0:0:0:1 - - [02/Jan/2019:16:49:25 +0800] "GET /v2/api-docs?group=REST%20API HTTP/1.1" 200 13406
0:0:0:0:0:0:0:1 - - [02/Jan/2019:16:49:26 +0800] "GET /webjars/springfox-swagger-ui/fonts/open-sans-v15-latin-700.woff2 HTTP/1.1" 200 14720
0:0:0:0:0:0:0:1 - - [02/Jan/2019:16:49:26 +0800] "GET /webjars/springfox-swagger-ui/fonts/source-code-pro-v7-latin-300.woff2 HTTP/1.1" 200 13292
0:0:0:0:0:0:0:1 - - [02/Jan/2019:16:49:26 +0800] "GET /webjars/springfox-swagger-ui/fonts/open-sans-v15-latin-regular.woff2 HTTP/1.1" 200 14048
0:0:0:0:0:0:0:1 - - [02/Jan/2019:16:49:49 +0800] "GET /webjars/springfox-swagger-ui/fonts/source-code-pro-v7-latin-600.woff2 HTTP/1.1" 200 12956
0:0:0:0:0:0:0:1 - - [02/Jan/2019:16:49:51 +0800] "GET /v2/api-docs?group=REST%20API HTTP/1.1" 200 13406
0:0:0:0:0:0:0:1 - - [02/Jan/2019:16:49:51 +0800] "GET /webjars/springfox-swagger-ui/fonts/titillium-web-v6-latin-regular.woff2 HTTP/1.1" 200 12264
0:0:0:0:0:0:0:1 - - [02/Jan/2019:17:09:10 +0800] "GET /swagger-resources/configuration/security HTTP/1.1" 200 28
0:0:0:0:0:0:0:1 - - [02/Jan/2019:17:09:10 +0800] "GET /swagger-resources HTTP/1.1" 200 105
0:0:0:0:0:0:0:1 - - [02/Jan/2019:17:09:15 +0800] "GET /v2/api-docs?group=REST%20API HTTP/1.1" 200 13406
0:0:0:0:0:0:0:1 - - [02/Jan/2019:17:19:31 +0800] "POST /rest/v1/answer/exam HTTP/1.1" 200 223
0:0:0:0:0:0:0:1 - - [02/Jan/2019:17:20:59 +0800] "GET /rest/v1/answer/exam/5c2c8222b0f7a422ac560ca3/start?memberId=C9JwYm5R68Bca5YI HTTP/1.1" 500 268
0:0:0:0:0:0:0:1 - - [02/Jan/2019:17:21:50 +0800] "GET /rest/v1/answer/exam/5c2c8222b0f7a422ac560ca3/start?memberId=C9JwYm5R68Bca5YI HTTP/1.1" 500 268
0:0:0:0:0:0:0:1 - - [02/Jan/2019:17:21:56 +0800] "GET /rest/v1/answer/exam/5c2c8222b0f7a422ac560ca3/start?memberId=C9JwYm5R68Bca5YI HTTP/1.1" 500 268
0:0:0:0:0:0:0:1 - - [02/Jan/2019:17:22:10 +0800] "GET /rest/v1/answer/exam/5c2c8222b0f7a422ac560ca3/start?memberId=C9JwYm5R68Bca5YI HTTP/1.1" 500 268
0:0:0:0:0:0:0:1 - - [02/Jan/2019:17:29:07 +0800] "GET /rest/v1/answer/exam/5c2c8222b0f7a422ac560ca3/start?memberId=C9JwYm5R68Bca5YI HTTP/1.1" 500 268
0:0:0:0:0:0:0:1 - - [02/Jan/2019:17:29:12 +0800] "GET /rest/v1/answer/exam/5c2c8222b0f7a422ac560ca3/start HTTP/1.1" 400 176
0:0:0:0:0:0:0:1 - - [02/Jan/2019:17:29:21 +0800] "GET /rest/v1/answer/exam/5c2c8222b0f7a422ac560ca3/start?memberId=C9JwYm5R68Bca5YI HTTP/1.1" 500 269
0:0:0:0:0:0:0:1 - - [02/Jan/2019:17:30:57 +0800] "GET /rest/v1/answer/exam/5c2c8222b0f7a422ac560ca3/start?memberId=C9JwYm5R68Bca5YI HTTP/1.1" 500 269
0:0:0:0:0:0:0:1 - - [02/Jan/2019:17:38:27 +0800] "GET /rest/v1/answer/exam/5c2c8222b0f7a422ac560ca3/start?memberId=C9JwYm5R68Bca5YI HTTP/1.1" 500 269
0:0:0:0:0:0:0:1 - - [02/Jan/2019:17:44:45 +0800] "GET /rest/v1/answer/exam/5c2c8222b0f7a422ac560ca3/start?memberId=C9JwYm5R68Bca5YI HTTP/1.1" 200 420
