2019-01-10 14:24:28.000  INFO 9572 --- [main] com.neuq.question.ApplicationStarter     : Starting ApplicationStarter on E5270-PC with PID 9572 (D:\WorkSpaces\neuq\out\production\classes started by Administrator in D:\WorkSpaces\neuq)
2019-01-10 14:24:28.013  INFO 9572 --- [main] com.neuq.question.ApplicationStarter     : The following profiles are active: develop
2019-01-10 14:24:33.485  INFO 9572 --- [main] .s.d.r.c.RepositoryConfigurationDelegate : Multiple Spring Data modules found, entering strict repository configuration mode!
2019-01-10 14:24:33.487  INFO 9572 --- [main] .s.d.r.c.RepositoryConfigurationDelegate : Bootstrapping Spring Data repositories in DEFAULT mode.
2019-01-10 14:24:33.547  INFO 9572 --- [main] .s.d.r.c.RepositoryConfigurationDelegate : Finished Spring Data repository scanning in 48ms. Found 0 repository interfaces.
2019-01-10 14:24:33.563  INFO 9572 --- [main] .s.d.r.c.RepositoryConfigurationDelegate : Multiple Spring Data modules found, entering strict repository configuration mode!
2019-01-10 14:24:33.565  INFO 9572 --- [main] .s.d.r.c.RepositoryConfigurationDelegate : Bootstrapping Spring Data repositories in DEFAULT mode.
2019-01-10 14:24:33.614  INFO 9572 --- [main] .s.d.r.c.RepositoryConfigurationDelegate : Finished Spring Data repository scanning in 18ms. Found 0 repository interfaces.
2019-01-10 14:24:34.424  INFO 9572 --- [main] trationDelegate$BeanPostProcessorChecker : Bean 'org.springframework.hateoas.config.HateoasConfiguration' of type [org.springframework.hateoas.config.HateoasConfiguration$$EnhancerBySpringCGLIB$$d529a5bf] is not eligible for getting processed by all BeanPostProcessors (for example: not eligible for auto-proxying)
2019-01-10 14:24:35.045  INFO 9572 --- [main] org.xnio                                 : XNIO version 3.3.8.Final
2019-01-10 14:24:35.080  INFO 9572 --- [main] org.xnio.nio                             : XNIO NIO Implementation Version 3.3.8.Final
2019-01-10 14:24:35.214  WARN 9572 --- [main] io.undertow.websockets.jsr               : UT026010: Buffer pool was not set on WebSocketDeploymentInfo, the default pool will be used
2019-01-10 14:24:35.260  INFO 9572 --- [main] io.undertow.servlet                      : Initializing Spring embedded WebApplicationContext
2019-01-10 14:24:35.261  INFO 9572 --- [main] o.s.web.context.ContextLoader            : Root WebApplicationContext: initialization completed in 7103 ms
2019-01-10 14:24:36.658  INFO 9572 --- [main] org.mongodb.driver.cluster               : Cluster created with settings {hosts=[localhost:27017], mode=MULTIPLE, requiredClusterType=UNKNOWN, serverSelectionTimeout='30000 ms', maxWaitQueueSize=1000}
2019-01-10 14:24:36.659  INFO 9572 --- [main] org.mongodb.driver.cluster               : Adding discovered server localhost:27017 to client view of cluster
2019-01-10 14:24:37.795  INFO 9572 --- [cluster-ClusterId{value='5c36e5246c73912564ae0b13', description='null'}-localhost:27017] org.mongodb.driver.connection            : Opened connection [connectionId{localValue:1, serverValue:1}] to localhost:27017
2019-01-10 14:24:37.802  INFO 9572 --- [cluster-ClusterId{value='5c36e5246c73912564ae0b13', description='null'}-localhost:27017] org.mongodb.driver.cluster               : Monitor thread successfully connected to server with description ServerDescription{address=localhost:27017, type=STANDALONE, state=CONNECTED, ok=true, version=ServerVersion{versionList=[4, 0, 5]}, minWireVersion=0, maxWireVersion=7, maxDocumentSize=16777216, logicalSessionTimeoutMinutes=30, roundTripTimeNanos=4728163}
2019-01-10 14:24:37.804  INFO 9572 --- [cluster-ClusterId{value='5c36e5246c73912564ae0b13', description='null'}-localhost:27017] org.mongodb.driver.cluster               : Discovered cluster type of STANDALONE
2019-01-10 14:24:38.081  INFO 9572 --- [main] org.mongodb.driver.connection            : Opened connection [connectionId{localValue:2, serverValue:2}] to localhost:27017
2019-01-10 14:24:43.693  INFO 9572 --- [main] o.s.b.a.e.web.EndpointLinksResolver      : Exposing 2 endpoint(s) beneath base path '/actuator'
2019-01-10 14:24:44.833  INFO 9572 --- [main] pertySourcedRequestMappingHandlerMapping : Mapped URL path [/v2/api-docs] onto method [public org.springframework.http.ResponseEntity<springfox.documentation.spring.web.json.Json> springfox.documentation.swagger2.web.Swagger2Controller.getDocumentation(java.lang.String,javax.servlet.http.HttpServletRequest)]
2019-01-10 14:24:47.848  INFO 9572 --- [main] o.s.s.concurrent.ThreadPoolTaskExecutor  : Initializing ExecutorService 'applicationTaskExecutor'
2019-01-10 14:24:49.391  WARN 9572 --- [main] ion$DefaultTemplateResolverConfiguration : Cannot find template location: classpath:/templates/ (please add some templates or check your Thymeleaf configuration)
2019-01-10 14:24:51.410  INFO 9572 --- [main] d.s.w.p.DocumentationPluginsBootstrapper : Context refreshed
2019-01-10 14:24:51.549  INFO 9572 --- [main] d.s.w.p.DocumentationPluginsBootstrapper : Found 1 custom documentation plugin(s)
2019-01-10 14:24:53.997  INFO 9572 --- [main] s.d.s.w.s.ApiListingReferenceScanner     : Scanning for api listing references
2019-01-10 14:24:54.964  INFO 9572 --- [main] .d.s.w.r.o.CachingOperationNameGenerator : Generating unique operation named: updateUsingPUT_1
2019-01-10 14:24:55.020  INFO 9572 --- [main] .d.s.w.r.o.CachingOperationNameGenerator : Generating unique operation named: getQRCodeUsingGET_1
2019-01-10 14:24:55.048  INFO 9572 --- [main] .d.s.w.r.o.CachingOperationNameGenerator : Generating unique operation named: updateUsingPUT_2
2019-01-10 14:24:55.291  INFO 9572 --- [main] .d.s.w.r.o.CachingOperationNameGenerator : Generating unique operation named: listUsingGET_1
2019-01-10 14:24:55.324  INFO 9572 --- [main] .d.s.w.r.o.CachingOperationNameGenerator : Generating unique operation named: createUsingPOST_1
2019-01-10 14:24:55.328  INFO 9572 --- [main] .d.s.w.r.o.CachingOperationNameGenerator : Generating unique operation named: deleteUsingDELETE_1
2019-01-10 14:24:55.343  INFO 9572 --- [main] .d.s.w.r.o.CachingOperationNameGenerator : Generating unique operation named: listUsingGET_2
2019-01-10 14:24:55.346  INFO 9572 --- [main] .d.s.w.r.o.CachingOperationNameGenerator : Generating unique operation named: updateUsingPUT_3
2019-01-10 14:24:55.354  INFO 9572 --- [main] .d.s.w.r.o.CachingOperationNameGenerator : Generating unique operation named: queryByConferenceUsingGET_1
2019-01-10 14:24:55.431  INFO 9572 --- [main] .d.s.w.r.o.CachingOperationNameGenerator : Generating unique operation named: createUsingPOST_2
2019-01-10 14:24:55.439  INFO 9572 --- [main] .d.s.w.r.o.CachingOperationNameGenerator : Generating unique operation named: getByIdUsingGET_1
2019-01-10 14:24:55.473  INFO 9572 --- [main] .d.s.w.r.o.CachingOperationNameGenerator : Generating unique operation named: listUsingGET_3
2019-01-10 14:24:55.476  INFO 9572 --- [main] .d.s.w.r.o.CachingOperationNameGenerator : Generating unique operation named: updateUsingPUT_4
2019-01-10 14:24:55.479  INFO 9572 --- [main] .d.s.w.r.o.CachingOperationNameGenerator : Generating unique operation named: deleteUsingDELETE_2
2019-01-10 14:24:55.798  INFO 9572 --- [main] .d.s.w.r.o.CachingOperationNameGenerator : Generating unique operation named: insertUsingPOST_1
2019-01-10 14:24:55.803  INFO 9572 --- [main] .d.s.w.r.o.CachingOperationNameGenerator : Generating unique operation named: listUsingGET_4
2019-01-10 14:24:55.832  INFO 9572 --- [main] .d.s.w.r.o.CachingOperationNameGenerator : Generating unique operation named: updateUsingPUT_5
2019-01-10 14:24:55.844  INFO 9572 --- [main] .d.s.w.r.o.CachingOperationNameGenerator : Generating unique operation named: createUsingPOST_3
2019-01-10 14:24:55.849  INFO 9572 --- [main] .d.s.w.r.o.CachingOperationNameGenerator : Generating unique operation named: deleteUsingDELETE_3
2019-01-10 14:24:55.851  INFO 9572 --- [main] .d.s.w.r.o.CachingOperationNameGenerator : Generating unique operation named: deleteUsingDELETE_4
2019-01-10 14:24:55.853  INFO 9572 --- [main] .d.s.w.r.o.CachingOperationNameGenerator : Generating unique operation named: getByIdUsingGET_2
2019-01-10 14:24:55.862  INFO 9572 --- [main] .d.s.w.r.o.CachingOperationNameGenerator : Generating unique operation named: listUsingGET_5
2019-01-10 14:24:55.905  INFO 9572 --- [main] .d.s.w.r.o.CachingOperationNameGenerator : Generating unique operation named: deleteUsingDELETE_5
2019-01-10 14:24:55.919  INFO 9572 --- [main] .d.s.w.r.o.CachingOperationNameGenerator : Generating unique operation named: insertUsingPOST_2
2019-01-10 14:24:55.934  INFO 9572 --- [main] .d.s.w.r.o.CachingOperationNameGenerator : Generating unique operation named: updateUsingPUT_6
2019-01-10 14:24:56.074  INFO 9572 --- [main] .d.s.w.r.o.CachingOperationNameGenerator : Generating unique operation named: insertUsingPOST_3
2019-01-10 14:24:56.077  INFO 9572 --- [main] .d.s.w.r.o.CachingOperationNameGenerator : Generating unique operation named: updateUsingPUT_7
2019-01-10 14:24:56.080  INFO 9572 --- [main] .d.s.w.r.o.CachingOperationNameGenerator : Generating unique operation named: deleteUsingDELETE_6
2019-01-10 14:24:56.128  INFO 9572 --- [main] .d.s.w.r.o.CachingOperationNameGenerator : Generating unique operation named: insertUsingPOST_4
2019-01-10 14:24:56.206  INFO 9572 --- [main] .d.s.w.r.o.CachingOperationNameGenerator : Generating unique operation named: queryQuestionsUsingGET_1
2019-01-10 14:24:56.208  INFO 9572 --- [main] .d.s.w.r.o.CachingOperationNameGenerator : Generating unique operation named: templateUsingGET_1
2019-01-10 14:24:56.214  INFO 9572 --- [main] .d.s.w.r.o.CachingOperationNameGenerator : Generating unique operation named: updateUsingPUT_8
2019-01-10 14:24:56.217  INFO 9572 --- [main] .d.s.w.r.o.CachingOperationNameGenerator : Generating unique operation named: updateUsingPUT_9
2019-01-10 14:24:56.297  INFO 9572 --- [main] .d.s.w.r.o.CachingOperationNameGenerator : Generating unique operation named: createUsingPOST_4
2019-01-10 14:24:56.299  INFO 9572 --- [main] .d.s.w.r.o.CachingOperationNameGenerator : Generating unique operation named: deleteUsingDELETE_7
2019-01-10 14:24:56.304  INFO 9572 --- [main] .d.s.w.r.o.CachingOperationNameGenerator : Generating unique operation named: getByIdUsingGET_3
2019-01-10 14:24:56.316  INFO 9572 --- [main] .d.s.w.r.o.CachingOperationNameGenerator : Generating unique operation named: getQRCodeUsingGET_2
2019-01-10 14:24:56.324  INFO 9572 --- [main] .d.s.w.r.o.CachingOperationNameGenerator : Generating unique operation named: updateUsingPUT_10
2019-01-10 14:24:56.378  INFO 9572 --- [main] .d.s.w.r.o.CachingOperationNameGenerator : Generating unique operation named: listUsingGET_6
2019-01-10 14:24:56.380  INFO 9572 --- [main] .d.s.w.r.o.CachingOperationNameGenerator : Generating unique operation named: updateUsingPUT_11
2019-01-10 14:24:56.391  INFO 9572 --- [main] .d.s.w.r.o.CachingOperationNameGenerator : Generating unique operation named: listUsingGET_7
2019-01-10 14:24:56.394  INFO 9572 --- [main] .d.s.w.r.o.CachingOperationNameGenerator : Generating unique operation named: getByIdUsingGET_4
2019-01-10 14:24:56.397  INFO 9572 --- [main] .d.s.w.r.o.CachingOperationNameGenerator : Generating unique operation named: updateUsingPUT_12
2019-01-10 14:24:57.814  INFO 9572 --- [main] o.s.b.w.e.u.UndertowServletWebServer     : Undertow started on port(s) 8080 (http) with context path ''
2019-01-10 14:24:57.820  INFO 9572 --- [main] com.neuq.question.ApplicationStarter     : Started ApplicationStarter in 31.156 seconds (JVM running for 37.384)
2019-01-10 14:25:00.462  INFO 9572 --- [RMI TCP Connection(4)-127.0.0.1] io.undertow.servlet                      : Initializing Spring DispatcherServlet 'dispatcherServlet'
2019-01-10 14:25:00.462  INFO 9572 --- [RMI TCP Connection(4)-127.0.0.1] o.s.web.servlet.DispatcherServlet        : Initializing Servlet 'dispatcherServlet'
2019-01-10 14:25:00.712  INFO 9572 --- [RMI TCP Connection(3)-127.0.0.1] io.lettuce.core.EpollProvider            : Starting without optional epoll library
2019-01-10 14:25:00.714  INFO 9572 --- [RMI TCP Connection(4)-127.0.0.1] o.s.web.servlet.DispatcherServlet        : Completed initialization in 252 ms
2019-01-10 14:25:00.716  INFO 9572 --- [RMI TCP Connection(3)-127.0.0.1] io.lettuce.core.KqueueProvider           : Starting without optional kqueue library
2019-01-10 14:27:38.493 ERROR 9572 --- [XNIO-2 task-2] io.undertow.request                      : UT005023: Exception handling request to /rest/v1/client/conference/5c32ea9880f9e31d2cfca24a/app

org.springframework.web.util.NestedServletException: Request processing failed; nested exception is java.lang.NullPointerException
	at org.springframework.web.servlet.FrameworkServlet.processRequest(FrameworkServlet.java:1013) ~[spring-webmvc-5.1.3.RELEASE.jar:5.1.3.RELEASE]
	at org.springframework.web.servlet.FrameworkServlet.doGet(FrameworkServlet.java:897) ~[spring-webmvc-5.1.3.RELEASE.jar:5.1.3.RELEASE]
	at javax.servlet.http.HttpServlet.service(HttpServlet.java:645) ~[javax.servlet-api-4.0.1.jar:4.0.1]
	at org.springframework.web.servlet.FrameworkServlet.service(FrameworkServlet.java:882) ~[spring-webmvc-5.1.3.RELEASE.jar:5.1.3.RELEASE]
	at javax.servlet.http.HttpServlet.service(HttpServlet.java:750) ~[javax.servlet-api-4.0.1.jar:4.0.1]
	at io.undertow.servlet.handlers.ServletHandler.handleRequest(ServletHandler.java:74) ~[undertow-servlet-2.0.16.Final.jar:2.0.16.Final]
	at io.undertow.servlet.handlers.FilterHandler$FilterChainImpl.doFilter(FilterHandler.java:129) ~[undertow-servlet-2.0.16.Final.jar:2.0.16.Final]
	at org.springframework.boot.actuate.web.trace.servlet.HttpTraceFilter.doFilterInternal(HttpTraceFilter.java:90) ~[spring-boot-actuator-2.1.1.RELEASE.jar:2.1.1.RELEASE]
	at org.springframework.web.filter.OncePerRequestFilter.doFilter(OncePerRequestFilter.java:107) ~[spring-web-5.1.3.RELEASE.jar:5.1.3.RELEASE]
	at io.undertow.servlet.core.ManagedFilter.doFilter(ManagedFilter.java:61) ~[undertow-servlet-2.0.16.Final.jar:2.0.16.Final]
	at io.undertow.servlet.handlers.FilterHandler$FilterChainImpl.doFilter(FilterHandler.java:131) ~[undertow-servlet-2.0.16.Final.jar:2.0.16.Final]
	at com.neuq.question.web.config.AllowAllOriginCorsFilter.doFilter(AllowAllOriginCorsFilter.java:26) ~[classes/:na]
	at io.undertow.servlet.core.ManagedFilter.doFilter(ManagedFilter.java:61) ~[undertow-servlet-2.0.16.Final.jar:2.0.16.Final]
	at io.undertow.servlet.handlers.FilterHandler$FilterChainImpl.doFilter(FilterHandler.java:131) ~[undertow-servlet-2.0.16.Final.jar:2.0.16.Final]
	at org.springframework.web.filter.RequestContextFilter.doFilterInternal(RequestContextFilter.java:99) ~[spring-web-5.1.3.RELEASE.jar:5.1.3.RELEASE]
	at org.springframework.web.filter.OncePerRequestFilter.doFilter(OncePerRequestFilter.java:107) ~[spring-web-5.1.3.RELEASE.jar:5.1.3.RELEASE]
	at io.undertow.servlet.core.ManagedFilter.doFilter(ManagedFilter.java:61) ~[undertow-servlet-2.0.16.Final.jar:2.0.16.Final]
	at io.undertow.servlet.handlers.FilterHandler$FilterChainImpl.doFilter(FilterHandler.java:131) ~[undertow-servlet-2.0.16.Final.jar:2.0.16.Final]
	at org.springframework.web.filter.FormContentFilter.doFilterInternal(FormContentFilter.java:92) ~[spring-web-5.1.3.RELEASE.jar:5.1.3.RELEASE]
	at org.springframework.web.filter.OncePerRequestFilter.doFilter(OncePerRequestFilter.java:107) ~[spring-web-5.1.3.RELEASE.jar:5.1.3.RELEASE]
	at io.undertow.servlet.core.ManagedFilter.doFilter(ManagedFilter.java:61) ~[undertow-servlet-2.0.16.Final.jar:2.0.16.Final]
	at io.undertow.servlet.handlers.FilterHandler$FilterChainImpl.doFilter(FilterHandler.java:131) ~[undertow-servlet-2.0.16.Final.jar:2.0.16.Final]
	at org.springframework.web.filter.HiddenHttpMethodFilter.doFilterInternal(HiddenHttpMethodFilter.java:93) ~[spring-web-5.1.3.RELEASE.jar:5.1.3.RELEASE]
	at org.springframework.web.filter.OncePerRequestFilter.doFilter(OncePerRequestFilter.java:107) ~[spring-web-5.1.3.RELEASE.jar:5.1.3.RELEASE]
	at io.undertow.servlet.core.ManagedFilter.doFilter(ManagedFilter.java:61) ~[undertow-servlet-2.0.16.Final.jar:2.0.16.Final]
	at io.undertow.servlet.handlers.FilterHandler$FilterChainImpl.doFilter(FilterHandler.java:131) ~[undertow-servlet-2.0.16.Final.jar:2.0.16.Final]
	at org.springframework.boot.actuate.metrics.web.servlet.WebMvcMetricsFilter.filterAndRecordMetrics(WebMvcMetricsFilter.java:117) ~[spring-boot-actuator-2.1.1.RELEASE.jar:2.1.1.RELEASE]
	at org.springframework.boot.actuate.metrics.web.servlet.WebMvcMetricsFilter.doFilterInternal(WebMvcMetricsFilter.java:106) ~[spring-boot-actuator-2.1.1.RELEASE.jar:2.1.1.RELEASE]
	at org.springframework.web.filter.OncePerRequestFilter.doFilter(OncePerRequestFilter.java:107) ~[spring-web-5.1.3.RELEASE.jar:5.1.3.RELEASE]
	at io.undertow.servlet.core.ManagedFilter.doFilter(ManagedFilter.java:61) ~[undertow-servlet-2.0.16.Final.jar:2.0.16.Final]
	at io.undertow.servlet.handlers.FilterHandler$FilterChainImpl.doFilter(FilterHandler.java:131) ~[undertow-servlet-2.0.16.Final.jar:2.0.16.Final]
	at org.springframework.web.filter.CharacterEncodingFilter.doFilterInternal(CharacterEncodingFilter.java:200) ~[spring-web-5.1.3.RELEASE.jar:5.1.3.RELEASE]
	at org.springframework.web.filter.OncePerRequestFilter.doFilter(OncePerRequestFilter.java:107) ~[spring-web-5.1.3.RELEASE.jar:5.1.3.RELEASE]
	at io.undertow.servlet.core.ManagedFilter.doFilter(ManagedFilter.java:61) ~[undertow-servlet-2.0.16.Final.jar:2.0.16.Final]
	at io.undertow.servlet.handlers.FilterHandler$FilterChainImpl.doFilter(FilterHandler.java:131) ~[undertow-servlet-2.0.16.Final.jar:2.0.16.Final]
	at io.undertow.servlet.handlers.FilterHandler.handleRequest(FilterHandler.java:84) ~[undertow-servlet-2.0.16.Final.jar:2.0.16.Final]
	at io.undertow.servlet.handlers.security.ServletSecurityRoleHandler.handleRequest(ServletSecurityRoleHandler.java:62) ~[undertow-servlet-2.0.16.Final.jar:2.0.16.Final]
	at io.undertow.servlet.handlers.ServletChain$1.handleRequest(ServletChain.java:68) ~[undertow-servlet-2.0.16.Final.jar:2.0.16.Final]
	at io.undertow.servlet.handlers.ServletDispatchingHandler.handleRequest(ServletDispatchingHandler.java:36) ~[undertow-servlet-2.0.16.Final.jar:2.0.16.Final]
	at io.undertow.servlet.handlers.security.SSLInformationAssociationHandler.handleRequest(SSLInformationAssociationHandler.java:132) ~[undertow-servlet-2.0.16.Final.jar:2.0.16.Final]
	at io.undertow.servlet.handlers.security.ServletAuthenticationCallHandler.handleRequest(ServletAuthenticationCallHandler.java:57) ~[undertow-servlet-2.0.16.Final.jar:2.0.16.Final]
	at io.undertow.server.handlers.PredicateHandler.handleRequest(PredicateHandler.java:43) ~[undertow-core-2.0.16.Final.jar:2.0.16.Final]
	at io.undertow.security.handlers.AbstractConfidentialityHandler.handleRequest(AbstractConfidentialityHandler.java:46) ~[undertow-core-2.0.16.Final.jar:2.0.16.Final]
	at io.undertow.servlet.handlers.security.ServletConfidentialityConstraintHandler.handleRequest(ServletConfidentialityConstraintHandler.java:64) ~[undertow-servlet-2.0.16.Final.jar:2.0.16.Final]
	at io.undertow.security.handlers.AuthenticationMechanismsHandler.handleRequest(AuthenticationMechanismsHandler.java:60) ~[undertow-core-2.0.16.Final.jar:2.0.16.Final]
	at io.undertow.servlet.handlers.security.CachedAuthenticatedSessionHandler.handleRequest(CachedAuthenticatedSessionHandler.java:77) ~[undertow-servlet-2.0.16.Final.jar:2.0.16.Final]
	at io.undertow.security.handlers.AbstractSecurityContextAssociationHandler.handleRequest(AbstractSecurityContextAssociationHandler.java:43) ~[undertow-core-2.0.16.Final.jar:2.0.16.Final]
	at io.undertow.server.handlers.PredicateHandler.handleRequest(PredicateHandler.java:43) ~[undertow-core-2.0.16.Final.jar:2.0.16.Final]
	at io.undertow.server.handlers.PredicateHandler.handleRequest(PredicateHandler.java:43) ~[undertow-core-2.0.16.Final.jar:2.0.16.Final]
	at io.undertow.servlet.handlers.ServletInitialHandler.handleFirstRequest(ServletInitialHandler.java:292) [undertow-servlet-2.0.16.Final.jar:2.0.16.Final]
	at io.undertow.servlet.handlers.ServletInitialHandler.access$100(ServletInitialHandler.java:81) [undertow-servlet-2.0.16.Final.jar:2.0.16.Final]
	at io.undertow.servlet.handlers.ServletInitialHandler$2.call(ServletInitialHandler.java:138) [undertow-servlet-2.0.16.Final.jar:2.0.16.Final]
	at io.undertow.servlet.handlers.ServletInitialHandler$2.call(ServletInitialHandler.java:135) [undertow-servlet-2.0.16.Final.jar:2.0.16.Final]
	at io.undertow.servlet.core.ServletRequestContextThreadSetupAction$1.call(ServletRequestContextThreadSetupAction.java:48) [undertow-servlet-2.0.16.Final.jar:2.0.16.Final]
	at io.undertow.servlet.core.ContextClassLoaderSetupAction$1.call(ContextClassLoaderSetupAction.java:43) [undertow-servlet-2.0.16.Final.jar:2.0.16.Final]
	at io.undertow.servlet.handlers.ServletInitialHandler.dispatchRequest(ServletInitialHandler.java:272) [undertow-servlet-2.0.16.Final.jar:2.0.16.Final]
	at io.undertow.servlet.handlers.ServletInitialHandler.access$000(ServletInitialHandler.java:81) [undertow-servlet-2.0.16.Final.jar:2.0.16.Final]
	at io.undertow.servlet.handlers.ServletInitialHandler$1.handleRequest(ServletInitialHandler.java:104) [undertow-servlet-2.0.16.Final.jar:2.0.16.Final]
	at io.undertow.server.Connectors.executeRootHandler(Connectors.java:360) [undertow-core-2.0.16.Final.jar:2.0.16.Final]
	at io.undertow.server.HttpServerExchange$1.run(HttpServerExchange.java:830) [undertow-core-2.0.16.Final.jar:2.0.16.Final]
	at java.util.concurrent.ThreadPoolExecutor.runWorker(ThreadPoolExecutor.java:1142) [na:1.8.0_25]
	at java.util.concurrent.ThreadPoolExecutor$Worker.run(ThreadPoolExecutor.java:617) [na:1.8.0_25]
	at java.lang.Thread.run(Thread.java:745) [na:1.8.0_25]
Caused by: java.lang.NullPointerException: null
	at com.neuq.question.service.impl.ConferenceAppServiceImpl.queryConferenceAppWithDefault(ConferenceAppServiceImpl.java:31) ~[classes/:na]
	at com.neuq.question.web.rest.client.conference.ClientConferenceAppController.queryByConference(ClientConferenceAppController.java:49) ~[classes/:na]
	at sun.reflect.NativeMethodAccessorImpl.invoke0(Native Method) ~[na:1.8.0_25]
	at sun.reflect.NativeMethodAccessorImpl.invoke(NativeMethodAccessorImpl.java:62) ~[na:1.8.0_25]
	at sun.reflect.DelegatingMethodAccessorImpl.invoke(DelegatingMethodAccessorImpl.java:43) ~[na:1.8.0_25]
	at java.lang.reflect.Method.invoke(Method.java:483) ~[na:1.8.0_25]
	at org.springframework.web.method.support.InvocableHandlerMethod.doInvoke(InvocableHandlerMethod.java:189) ~[spring-web-5.1.3.RELEASE.jar:5.1.3.RELEASE]
	at org.springframework.web.method.support.InvocableHandlerMethod.invokeForRequest(InvocableHandlerMethod.java:138) ~[spring-web-5.1.3.RELEASE.jar:5.1.3.RELEASE]
	at org.springframework.web.servlet.mvc.method.annotation.ServletInvocableHandlerMethod.invokeAndHandle(ServletInvocableHandlerMethod.java:102) ~[spring-webmvc-5.1.3.RELEASE.jar:5.1.3.RELEASE]
	at org.springframework.web.servlet.mvc.method.annotation.RequestMappingHandlerAdapter.invokeHandlerMethod(RequestMappingHandlerAdapter.java:895) ~[spring-webmvc-5.1.3.RELEASE.jar:5.1.3.RELEASE]
	at org.springframework.web.servlet.mvc.method.annotation.RequestMappingHandlerAdapter.handleInternal(RequestMappingHandlerAdapter.java:800) ~[spring-webmvc-5.1.3.RELEASE.jar:5.1.3.RELEASE]
	at org.springframework.web.servlet.mvc.method.AbstractHandlerMethodAdapter.handle(AbstractHandlerMethodAdapter.java:87) ~[spring-webmvc-5.1.3.RELEASE.jar:5.1.3.RELEASE]
	at org.springframework.web.servlet.DispatcherServlet.doDispatch(DispatcherServlet.java:1038) ~[spring-webmvc-5.1.3.RELEASE.jar:5.1.3.RELEASE]
	at org.springframework.web.servlet.DispatcherServlet.doService(DispatcherServlet.java:942) ~[spring-webmvc-5.1.3.RELEASE.jar:5.1.3.RELEASE]
	at org.springframework.web.servlet.FrameworkServlet.processRequest(FrameworkServlet.java:1005) ~[spring-webmvc-5.1.3.RELEASE.jar:5.1.3.RELEASE]
	... 62 common frames omitted

2019-01-10 14:33:19.099 ERROR 9572 --- [XNIO-2 task-3] io.undertow.request                      : UT005023: Exception handling request to /rest/v1/client/conference/5c32ea9880f9e31d2cfca24a/app

org.springframework.web.util.NestedServletException: Request processing failed; nested exception is java.lang.NullPointerException
	at org.springframework.web.servlet.FrameworkServlet.processRequest(FrameworkServlet.java:1013) ~[spring-webmvc-5.1.3.RELEASE.jar:5.1.3.RELEASE]
	at org.springframework.web.servlet.FrameworkServlet.doGet(FrameworkServlet.java:897) ~[spring-webmvc-5.1.3.RELEASE.jar:5.1.3.RELEASE]
	at javax.servlet.http.HttpServlet.service(HttpServlet.java:645) ~[javax.servlet-api-4.0.1.jar:4.0.1]
	at org.springframework.web.servlet.FrameworkServlet.service(FrameworkServlet.java:882) ~[spring-webmvc-5.1.3.RELEASE.jar:5.1.3.RELEASE]
	at javax.servlet.http.HttpServlet.service(HttpServlet.java:750) ~[javax.servlet-api-4.0.1.jar:4.0.1]
	at io.undertow.servlet.handlers.ServletHandler.handleRequest(ServletHandler.java:74) ~[undertow-servlet-2.0.16.Final.jar:2.0.16.Final]
	at io.undertow.servlet.handlers.FilterHandler$FilterChainImpl.doFilter(FilterHandler.java:129) ~[undertow-servlet-2.0.16.Final.jar:2.0.16.Final]
	at org.springframework.boot.actuate.web.trace.servlet.HttpTraceFilter.doFilterInternal(HttpTraceFilter.java:90) ~[spring-boot-actuator-2.1.1.RELEASE.jar:2.1.1.RELEASE]
	at org.springframework.web.filter.OncePerRequestFilter.doFilter(OncePerRequestFilter.java:107) ~[spring-web-5.1.3.RELEASE.jar:5.1.3.RELEASE]
	at io.undertow.servlet.core.ManagedFilter.doFilter(ManagedFilter.java:61) ~[undertow-servlet-2.0.16.Final.jar:2.0.16.Final]
	at io.undertow.servlet.handlers.FilterHandler$FilterChainImpl.doFilter(FilterHandler.java:131) ~[undertow-servlet-2.0.16.Final.jar:2.0.16.Final]
	at com.neuq.question.web.config.AllowAllOriginCorsFilter.doFilter(AllowAllOriginCorsFilter.java:26) ~[classes/:na]
	at io.undertow.servlet.core.ManagedFilter.doFilter(ManagedFilter.java:61) ~[undertow-servlet-2.0.16.Final.jar:2.0.16.Final]
	at io.undertow.servlet.handlers.FilterHandler$FilterChainImpl.doFilter(FilterHandler.java:131) ~[undertow-servlet-2.0.16.Final.jar:2.0.16.Final]
	at org.springframework.web.filter.RequestContextFilter.doFilterInternal(RequestContextFilter.java:99) ~[spring-web-5.1.3.RELEASE.jar:5.1.3.RELEASE]
	at org.springframework.web.filter.OncePerRequestFilter.doFilter(OncePerRequestFilter.java:107) ~[spring-web-5.1.3.RELEASE.jar:5.1.3.RELEASE]
	at io.undertow.servlet.core.ManagedFilter.doFilter(ManagedFilter.java:61) ~[undertow-servlet-2.0.16.Final.jar:2.0.16.Final]
	at io.undertow.servlet.handlers.FilterHandler$FilterChainImpl.doFilter(FilterHandler.java:131) ~[undertow-servlet-2.0.16.Final.jar:2.0.16.Final]
	at org.springframework.web.filter.FormContentFilter.doFilterInternal(FormContentFilter.java:92) ~[spring-web-5.1.3.RELEASE.jar:5.1.3.RELEASE]
	at org.springframework.web.filter.OncePerRequestFilter.doFilter(OncePerRequestFilter.java:107) ~[spring-web-5.1.3.RELEASE.jar:5.1.3.RELEASE]
	at io.undertow.servlet.core.ManagedFilter.doFilter(ManagedFilter.java:61) ~[undertow-servlet-2.0.16.Final.jar:2.0.16.Final]
	at io.undertow.servlet.handlers.FilterHandler$FilterChainImpl.doFilter(FilterHandler.java:131) ~[undertow-servlet-2.0.16.Final.jar:2.0.16.Final]
	at org.springframework.web.filter.HiddenHttpMethodFilter.doFilterInternal(HiddenHttpMethodFilter.java:93) ~[spring-web-5.1.3.RELEASE.jar:5.1.3.RELEASE]
	at org.springframework.web.filter.OncePerRequestFilter.doFilter(OncePerRequestFilter.java:107) ~[spring-web-5.1.3.RELEASE.jar:5.1.3.RELEASE]
	at io.undertow.servlet.core.ManagedFilter.doFilter(ManagedFilter.java:61) ~[undertow-servlet-2.0.16.Final.jar:2.0.16.Final]
	at io.undertow.servlet.handlers.FilterHandler$FilterChainImpl.doFilter(FilterHandler.java:131) ~[undertow-servlet-2.0.16.Final.jar:2.0.16.Final]
	at org.springframework.boot.actuate.metrics.web.servlet.WebMvcMetricsFilter.filterAndRecordMetrics(WebMvcMetricsFilter.java:117) ~[spring-boot-actuator-2.1.1.RELEASE.jar:2.1.1.RELEASE]
	at org.springframework.boot.actuate.metrics.web.servlet.WebMvcMetricsFilter.doFilterInternal(WebMvcMetricsFilter.java:106) ~[spring-boot-actuator-2.1.1.RELEASE.jar:2.1.1.RELEASE]
	at org.springframework.web.filter.OncePerRequestFilter.doFilter(OncePerRequestFilter.java:107) ~[spring-web-5.1.3.RELEASE.jar:5.1.3.RELEASE]
	at io.undertow.servlet.core.ManagedFilter.doFilter(ManagedFilter.java:61) ~[undertow-servlet-2.0.16.Final.jar:2.0.16.Final]
	at io.undertow.servlet.handlers.FilterHandler$FilterChainImpl.doFilter(FilterHandler.java:131) ~[undertow-servlet-2.0.16.Final.jar:2.0.16.Final]
	at org.springframework.web.filter.CharacterEncodingFilter.doFilterInternal(CharacterEncodingFilter.java:200) ~[spring-web-5.1.3.RELEASE.jar:5.1.3.RELEASE]
	at org.springframework.web.filter.OncePerRequestFilter.doFilter(OncePerRequestFilter.java:107) ~[spring-web-5.1.3.RELEASE.jar:5.1.3.RELEASE]
	at io.undertow.servlet.core.ManagedFilter.doFilter(ManagedFilter.java:61) ~[undertow-servlet-2.0.16.Final.jar:2.0.16.Final]
	at io.undertow.servlet.handlers.FilterHandler$FilterChainImpl.doFilter(FilterHandler.java:131) ~[undertow-servlet-2.0.16.Final.jar:2.0.16.Final]
	at io.undertow.servlet.handlers.FilterHandler.handleRequest(FilterHandler.java:84) ~[undertow-servlet-2.0.16.Final.jar:2.0.16.Final]
	at io.undertow.servlet.handlers.security.ServletSecurityRoleHandler.handleRequest(ServletSecurityRoleHandler.java:62) ~[undertow-servlet-2.0.16.Final.jar:2.0.16.Final]
	at io.undertow.servlet.handlers.ServletChain$1.handleRequest(ServletChain.java:68) ~[undertow-servlet-2.0.16.Final.jar:2.0.16.Final]
	at io.undertow.servlet.handlers.ServletDispatchingHandler.handleRequest(ServletDispatchingHandler.java:36) ~[undertow-servlet-2.0.16.Final.jar:2.0.16.Final]
	at io.undertow.servlet.handlers.security.SSLInformationAssociationHandler.handleRequest(SSLInformationAssociationHandler.java:132) ~[undertow-servlet-2.0.16.Final.jar:2.0.16.Final]
	at io.undertow.servlet.handlers.security.ServletAuthenticationCallHandler.handleRequest(ServletAuthenticationCallHandler.java:57) ~[undertow-servlet-2.0.16.Final.jar:2.0.16.Final]
	at io.undertow.server.handlers.PredicateHandler.handleRequest(PredicateHandler.java:43) ~[undertow-core-2.0.16.Final.jar:2.0.16.Final]
	at io.undertow.security.handlers.AbstractConfidentialityHandler.handleRequest(AbstractConfidentialityHandler.java:46) ~[undertow-core-2.0.16.Final.jar:2.0.16.Final]
	at io.undertow.servlet.handlers.security.ServletConfidentialityConstraintHandler.handleRequest(ServletConfidentialityConstraintHandler.java:64) ~[undertow-servlet-2.0.16.Final.jar:2.0.16.Final]
	at io.undertow.security.handlers.AuthenticationMechanismsHandler.handleRequest(AuthenticationMechanismsHandler.java:60) ~[undertow-core-2.0.16.Final.jar:2.0.16.Final]
	at io.undertow.servlet.handlers.security.CachedAuthenticatedSessionHandler.handleRequest(CachedAuthenticatedSessionHandler.java:77) ~[undertow-servlet-2.0.16.Final.jar:2.0.16.Final]
	at io.undertow.security.handlers.AbstractSecurityContextAssociationHandler.handleRequest(AbstractSecurityContextAssociationHandler.java:43) ~[undertow-core-2.0.16.Final.jar:2.0.16.Final]
	at io.undertow.server.handlers.PredicateHandler.handleRequest(PredicateHandler.java:43) ~[undertow-core-2.0.16.Final.jar:2.0.16.Final]
	at io.undertow.server.handlers.PredicateHandler.handleRequest(PredicateHandler.java:43) ~[undertow-core-2.0.16.Final.jar:2.0.16.Final]
	at io.undertow.servlet.handlers.ServletInitialHandler.handleFirstRequest(ServletInitialHandler.java:292) [undertow-servlet-2.0.16.Final.jar:2.0.16.Final]
	at io.undertow.servlet.handlers.ServletInitialHandler.access$100(ServletInitialHandler.java:81) [undertow-servlet-2.0.16.Final.jar:2.0.16.Final]
	at io.undertow.servlet.handlers.ServletInitialHandler$2.call(ServletInitialHandler.java:138) [undertow-servlet-2.0.16.Final.jar:2.0.16.Final]
	at io.undertow.servlet.handlers.ServletInitialHandler$2.call(ServletInitialHandler.java:135) [undertow-servlet-2.0.16.Final.jar:2.0.16.Final]
	at io.undertow.servlet.core.ServletRequestContextThreadSetupAction$1.call(ServletRequestContextThreadSetupAction.java:48) [undertow-servlet-2.0.16.Final.jar:2.0.16.Final]
	at io.undertow.servlet.core.ContextClassLoaderSetupAction$1.call(ContextClassLoaderSetupAction.java:43) [undertow-servlet-2.0.16.Final.jar:2.0.16.Final]
	at io.undertow.servlet.handlers.ServletInitialHandler.dispatchRequest(ServletInitialHandler.java:272) [undertow-servlet-2.0.16.Final.jar:2.0.16.Final]
	at io.undertow.servlet.handlers.ServletInitialHandler.access$000(ServletInitialHandler.java:81) [undertow-servlet-2.0.16.Final.jar:2.0.16.Final]
	at io.undertow.servlet.handlers.ServletInitialHandler$1.handleRequest(ServletInitialHandler.java:104) [undertow-servlet-2.0.16.Final.jar:2.0.16.Final]
	at io.undertow.server.Connectors.executeRootHandler(Connectors.java:360) [undertow-core-2.0.16.Final.jar:2.0.16.Final]
	at io.undertow.server.HttpServerExchange$1.run(HttpServerExchange.java:830) [undertow-core-2.0.16.Final.jar:2.0.16.Final]
	at java.util.concurrent.ThreadPoolExecutor.runWorker(ThreadPoolExecutor.java:1142) [na:1.8.0_25]
	at java.util.concurrent.ThreadPoolExecutor$Worker.run(ThreadPoolExecutor.java:617) [na:1.8.0_25]
	at java.lang.Thread.run(Thread.java:745) [na:1.8.0_25]
Caused by: java.lang.NullPointerException: null
	at com.neuq.question.service.impl.ConferenceAppServiceImpl.queryConferenceAppWithDefault(ConferenceAppServiceImpl.java:31) ~[classes/:na]
	at com.neuq.question.web.rest.client.conference.ClientConferenceAppController.queryByConference(ClientConferenceAppController.java:49) ~[classes/:na]
	at sun.reflect.NativeMethodAccessorImpl.invoke0(Native Method) ~[na:1.8.0_25]
	at sun.reflect.NativeMethodAccessorImpl.invoke(NativeMethodAccessorImpl.java:62) ~[na:1.8.0_25]
	at sun.reflect.DelegatingMethodAccessorImpl.invoke(DelegatingMethodAccessorImpl.java:43) ~[na:1.8.0_25]
	at java.lang.reflect.Method.invoke(Method.java:483) ~[na:1.8.0_25]
	at org.springframework.web.method.support.InvocableHandlerMethod.doInvoke(InvocableHandlerMethod.java:189) ~[spring-web-5.1.3.RELEASE.jar:5.1.3.RELEASE]
	at org.springframework.web.method.support.InvocableHandlerMethod.invokeForRequest(InvocableHandlerMethod.java:138) ~[spring-web-5.1.3.RELEASE.jar:5.1.3.RELEASE]
	at org.springframework.web.servlet.mvc.method.annotation.ServletInvocableHandlerMethod.invokeAndHandle(ServletInvocableHandlerMethod.java:102) ~[spring-webmvc-5.1.3.RELEASE.jar:5.1.3.RELEASE]
	at org.springframework.web.servlet.mvc.method.annotation.RequestMappingHandlerAdapter.invokeHandlerMethod(RequestMappingHandlerAdapter.java:895) ~[spring-webmvc-5.1.3.RELEASE.jar:5.1.3.RELEASE]
	at org.springframework.web.servlet.mvc.method.annotation.RequestMappingHandlerAdapter.handleInternal(RequestMappingHandlerAdapter.java:800) ~[spring-webmvc-5.1.3.RELEASE.jar:5.1.3.RELEASE]
	at org.springframework.web.servlet.mvc.method.AbstractHandlerMethodAdapter.handle(AbstractHandlerMethodAdapter.java:87) ~[spring-webmvc-5.1.3.RELEASE.jar:5.1.3.RELEASE]
	at org.springframework.web.servlet.DispatcherServlet.doDispatch(DispatcherServlet.java:1038) ~[spring-webmvc-5.1.3.RELEASE.jar:5.1.3.RELEASE]
	at org.springframework.web.servlet.DispatcherServlet.doService(DispatcherServlet.java:942) ~[spring-webmvc-5.1.3.RELEASE.jar:5.1.3.RELEASE]
	at org.springframework.web.servlet.FrameworkServlet.processRequest(FrameworkServlet.java:1005) ~[spring-webmvc-5.1.3.RELEASE.jar:5.1.3.RELEASE]
	... 62 common frames omitted

2019-01-10 14:40:36.109 ERROR 9572 --- [XNIO-2 task-4] io.undertow.request                      : UT005023: Exception handling request to /rest/v1/client/conference/5c32ea9880f9e31d2cfca24a/app

org.springframework.web.util.NestedServletException: Request processing failed; nested exception is java.lang.NullPointerException
	at org.springframework.web.servlet.FrameworkServlet.processRequest(FrameworkServlet.java:1013) ~[spring-webmvc-5.1.3.RELEASE.jar:5.1.3.RELEASE]
	at org.springframework.web.servlet.FrameworkServlet.doGet(FrameworkServlet.java:897) ~[spring-webmvc-5.1.3.RELEASE.jar:5.1.3.RELEASE]
	at javax.servlet.http.HttpServlet.service(HttpServlet.java:645) ~[javax.servlet-api-4.0.1.jar:4.0.1]
	at org.springframework.web.servlet.FrameworkServlet.service(FrameworkServlet.java:882) ~[spring-webmvc-5.1.3.RELEASE.jar:5.1.3.RELEASE]
	at javax.servlet.http.HttpServlet.service(HttpServlet.java:750) ~[javax.servlet-api-4.0.1.jar:4.0.1]
	at io.undertow.servlet.handlers.ServletHandler.handleRequest(ServletHandler.java:74) ~[undertow-servlet-2.0.16.Final.jar:2.0.16.Final]
	at io.undertow.servlet.handlers.FilterHandler$FilterChainImpl.doFilter(FilterHandler.java:129) ~[undertow-servlet-2.0.16.Final.jar:2.0.16.Final]
	at org.springframework.boot.actuate.web.trace.servlet.HttpTraceFilter.doFilterInternal(HttpTraceFilter.java:90) ~[spring-boot-actuator-2.1.1.RELEASE.jar:2.1.1.RELEASE]
	at org.springframework.web.filter.OncePerRequestFilter.doFilter(OncePerRequestFilter.java:107) ~[spring-web-5.1.3.RELEASE.jar:5.1.3.RELEASE]
	at io.undertow.servlet.core.ManagedFilter.doFilter(ManagedFilter.java:61) ~[undertow-servlet-2.0.16.Final.jar:2.0.16.Final]
	at io.undertow.servlet.handlers.FilterHandler$FilterChainImpl.doFilter(FilterHandler.java:131) ~[undertow-servlet-2.0.16.Final.jar:2.0.16.Final]
	at com.neuq.question.web.config.AllowAllOriginCorsFilter.doFilter(AllowAllOriginCorsFilter.java:26) ~[classes/:na]
	at io.undertow.servlet.core.ManagedFilter.doFilter(ManagedFilter.java:61) ~[undertow-servlet-2.0.16.Final.jar:2.0.16.Final]
	at io.undertow.servlet.handlers.FilterHandler$FilterChainImpl.doFilter(FilterHandler.java:131) ~[undertow-servlet-2.0.16.Final.jar:2.0.16.Final]
	at org.springframework.web.filter.RequestContextFilter.doFilterInternal(RequestContextFilter.java:99) ~[spring-web-5.1.3.RELEASE.jar:5.1.3.RELEASE]
	at org.springframework.web.filter.OncePerRequestFilter.doFilter(OncePerRequestFilter.java:107) ~[spring-web-5.1.3.RELEASE.jar:5.1.3.RELEASE]
	at io.undertow.servlet.core.ManagedFilter.doFilter(ManagedFilter.java:61) ~[undertow-servlet-2.0.16.Final.jar:2.0.16.Final]
	at io.undertow.servlet.handlers.FilterHandler$FilterChainImpl.doFilter(FilterHandler.java:131) ~[undertow-servlet-2.0.16.Final.jar:2.0.16.Final]
	at org.springframework.web.filter.FormContentFilter.doFilterInternal(FormContentFilter.java:92) ~[spring-web-5.1.3.RELEASE.jar:5.1.3.RELEASE]
	at org.springframework.web.filter.OncePerRequestFilter.doFilter(OncePerRequestFilter.java:107) ~[spring-web-5.1.3.RELEASE.jar:5.1.3.RELEASE]
	at io.undertow.servlet.core.ManagedFilter.doFilter(ManagedFilter.java:61) ~[undertow-servlet-2.0.16.Final.jar:2.0.16.Final]
	at io.undertow.servlet.handlers.FilterHandler$FilterChainImpl.doFilter(FilterHandler.java:131) ~[undertow-servlet-2.0.16.Final.jar:2.0.16.Final]
	at org.springframework.web.filter.HiddenHttpMethodFilter.doFilterInternal(HiddenHttpMethodFilter.java:93) ~[spring-web-5.1.3.RELEASE.jar:5.1.3.RELEASE]
	at org.springframework.web.filter.OncePerRequestFilter.doFilter(OncePerRequestFilter.java:107) ~[spring-web-5.1.3.RELEASE.jar:5.1.3.RELEASE]
	at io.undertow.servlet.core.ManagedFilter.doFilter(ManagedFilter.java:61) ~[undertow-servlet-2.0.16.Final.jar:2.0.16.Final]
	at io.undertow.servlet.handlers.FilterHandler$FilterChainImpl.doFilter(FilterHandler.java:131) ~[undertow-servlet-2.0.16.Final.jar:2.0.16.Final]
	at org.springframework.boot.actuate.metrics.web.servlet.WebMvcMetricsFilter.filterAndRecordMetrics(WebMvcMetricsFilter.java:117) ~[spring-boot-actuator-2.1.1.RELEASE.jar:2.1.1.RELEASE]
	at org.springframework.boot.actuate.metrics.web.servlet.WebMvcMetricsFilter.doFilterInternal(WebMvcMetricsFilter.java:106) ~[spring-boot-actuator-2.1.1.RELEASE.jar:2.1.1.RELEASE]
	at org.springframework.web.filter.OncePerRequestFilter.doFilter(OncePerRequestFilter.java:107) ~[spring-web-5.1.3.RELEASE.jar:5.1.3.RELEASE]
	at io.undertow.servlet.core.ManagedFilter.doFilter(ManagedFilter.java:61) ~[undertow-servlet-2.0.16.Final.jar:2.0.16.Final]
	at io.undertow.servlet.handlers.FilterHandler$FilterChainImpl.doFilter(FilterHandler.java:131) ~[undertow-servlet-2.0.16.Final.jar:2.0.16.Final]
	at org.springframework.web.filter.CharacterEncodingFilter.doFilterInternal(CharacterEncodingFilter.java:200) ~[spring-web-5.1.3.RELEASE.jar:5.1.3.RELEASE]
	at org.springframework.web.filter.OncePerRequestFilter.doFilter(OncePerRequestFilter.java:107) ~[spring-web-5.1.3.RELEASE.jar:5.1.3.RELEASE]
	at io.undertow.servlet.core.ManagedFilter.doFilter(ManagedFilter.java:61) ~[undertow-servlet-2.0.16.Final.jar:2.0.16.Final]
	at io.undertow.servlet.handlers.FilterHandler$FilterChainImpl.doFilter(FilterHandler.java:131) ~[undertow-servlet-2.0.16.Final.jar:2.0.16.Final]
	at io.undertow.servlet.handlers.FilterHandler.handleRequest(FilterHandler.java:84) ~[undertow-servlet-2.0.16.Final.jar:2.0.16.Final]
	at io.undertow.servlet.handlers.security.ServletSecurityRoleHandler.handleRequest(ServletSecurityRoleHandler.java:62) ~[undertow-servlet-2.0.16.Final.jar:2.0.16.Final]
	at io.undertow.servlet.handlers.ServletChain$1.handleRequest(ServletChain.java:68) ~[undertow-servlet-2.0.16.Final.jar:2.0.16.Final]
	at io.undertow.servlet.handlers.ServletDispatchingHandler.handleRequest(ServletDispatchingHandler.java:36) ~[undertow-servlet-2.0.16.Final.jar:2.0.16.Final]
	at io.undertow.servlet.handlers.security.SSLInformationAssociationHandler.handleRequest(SSLInformationAssociationHandler.java:132) ~[undertow-servlet-2.0.16.Final.jar:2.0.16.Final]
	at io.undertow.servlet.handlers.security.ServletAuthenticationCallHandler.handleRequest(ServletAuthenticationCallHandler.java:57) ~[undertow-servlet-2.0.16.Final.jar:2.0.16.Final]
	at io.undertow.server.handlers.PredicateHandler.handleRequest(PredicateHandler.java:43) ~[undertow-core-2.0.16.Final.jar:2.0.16.Final]
	at io.undertow.security.handlers.AbstractConfidentialityHandler.handleRequest(AbstractConfidentialityHandler.java:46) ~[undertow-core-2.0.16.Final.jar:2.0.16.Final]
	at io.undertow.servlet.handlers.security.ServletConfidentialityConstraintHandler.handleRequest(ServletConfidentialityConstraintHandler.java:64) ~[undertow-servlet-2.0.16.Final.jar:2.0.16.Final]
	at io.undertow.security.handlers.AuthenticationMechanismsHandler.handleRequest(AuthenticationMechanismsHandler.java:60) ~[undertow-core-2.0.16.Final.jar:2.0.16.Final]
	at io.undertow.servlet.handlers.security.CachedAuthenticatedSessionHandler.handleRequest(CachedAuthenticatedSessionHandler.java:77) ~[undertow-servlet-2.0.16.Final.jar:2.0.16.Final]
	at io.undertow.security.handlers.AbstractSecurityContextAssociationHandler.handleRequest(AbstractSecurityContextAssociationHandler.java:43) ~[undertow-core-2.0.16.Final.jar:2.0.16.Final]
	at io.undertow.server.handlers.PredicateHandler.handleRequest(PredicateHandler.java:43) ~[undertow-core-2.0.16.Final.jar:2.0.16.Final]
	at io.undertow.server.handlers.PredicateHandler.handleRequest(PredicateHandler.java:43) ~[undertow-core-2.0.16.Final.jar:2.0.16.Final]
	at io.undertow.servlet.handlers.ServletInitialHandler.handleFirstRequest(ServletInitialHandler.java:292) [undertow-servlet-2.0.16.Final.jar:2.0.16.Final]
	at io.undertow.servlet.handlers.ServletInitialHandler.access$100(ServletInitialHandler.java:81) [undertow-servlet-2.0.16.Final.jar:2.0.16.Final]
	at io.undertow.servlet.handlers.ServletInitialHandler$2.call(ServletInitialHandler.java:138) [undertow-servlet-2.0.16.Final.jar:2.0.16.Final]
	at io.undertow.servlet.handlers.ServletInitialHandler$2.call(ServletInitialHandler.java:135) [undertow-servlet-2.0.16.Final.jar:2.0.16.Final]
	at io.undertow.servlet.core.ServletRequestContextThreadSetupAction$1.call(ServletRequestContextThreadSetupAction.java:48) [undertow-servlet-2.0.16.Final.jar:2.0.16.Final]
	at io.undertow.servlet.core.ContextClassLoaderSetupAction$1.call(ContextClassLoaderSetupAction.java:43) [undertow-servlet-2.0.16.Final.jar:2.0.16.Final]
	at io.undertow.servlet.handlers.ServletInitialHandler.dispatchRequest(ServletInitialHandler.java:272) [undertow-servlet-2.0.16.Final.jar:2.0.16.Final]
	at io.undertow.servlet.handlers.ServletInitialHandler.access$000(ServletInitialHandler.java:81) [undertow-servlet-2.0.16.Final.jar:2.0.16.Final]
	at io.undertow.servlet.handlers.ServletInitialHandler$1.handleRequest(ServletInitialHandler.java:104) [undertow-servlet-2.0.16.Final.jar:2.0.16.Final]
	at io.undertow.server.Connectors.executeRootHandler(Connectors.java:360) [undertow-core-2.0.16.Final.jar:2.0.16.Final]
	at io.undertow.server.HttpServerExchange$1.run(HttpServerExchange.java:830) [undertow-core-2.0.16.Final.jar:2.0.16.Final]
	at java.util.concurrent.ThreadPoolExecutor.runWorker(ThreadPoolExecutor.java:1142) [na:1.8.0_25]
	at java.util.concurrent.ThreadPoolExecutor$Worker.run(ThreadPoolExecutor.java:617) [na:1.8.0_25]
	at java.lang.Thread.run(Thread.java:745) [na:1.8.0_25]
Caused by: java.lang.NullPointerException: null
	at com.neuq.question.service.impl.ConferenceAppServiceImpl.queryConferenceAppWithDefault(ConferenceAppServiceImpl.java:31) ~[classes/:na]
	at com.neuq.question.web.rest.client.conference.ClientConferenceAppController.queryByConference(ClientConferenceAppController.java:49) ~[classes/:na]
	at sun.reflect.NativeMethodAccessorImpl.invoke0(Native Method) ~[na:1.8.0_25]
	at sun.reflect.NativeMethodAccessorImpl.invoke(NativeMethodAccessorImpl.java:62) ~[na:1.8.0_25]
	at sun.reflect.DelegatingMethodAccessorImpl.invoke(DelegatingMethodAccessorImpl.java:43) ~[na:1.8.0_25]
	at java.lang.reflect.Method.invoke(Method.java:483) ~[na:1.8.0_25]
	at org.springframework.web.method.support.InvocableHandlerMethod.doInvoke(InvocableHandlerMethod.java:189) ~[spring-web-5.1.3.RELEASE.jar:5.1.3.RELEASE]
	at org.springframework.web.method.support.InvocableHandlerMethod.invokeForRequest(InvocableHandlerMethod.java:138) ~[spring-web-5.1.3.RELEASE.jar:5.1.3.RELEASE]
	at org.springframework.web.servlet.mvc.method.annotation.ServletInvocableHandlerMethod.invokeAndHandle(ServletInvocableHandlerMethod.java:102) ~[spring-webmvc-5.1.3.RELEASE.jar:5.1.3.RELEASE]
	at org.springframework.web.servlet.mvc.method.annotation.RequestMappingHandlerAdapter.invokeHandlerMethod(RequestMappingHandlerAdapter.java:895) ~[spring-webmvc-5.1.3.RELEASE.jar:5.1.3.RELEASE]
	at org.springframework.web.servlet.mvc.method.annotation.RequestMappingHandlerAdapter.handleInternal(RequestMappingHandlerAdapter.java:800) ~[spring-webmvc-5.1.3.RELEASE.jar:5.1.3.RELEASE]
	at org.springframework.web.servlet.mvc.method.AbstractHandlerMethodAdapter.handle(AbstractHandlerMethodAdapter.java:87) ~[spring-webmvc-5.1.3.RELEASE.jar:5.1.3.RELEASE]
	at org.springframework.web.servlet.DispatcherServlet.doDispatch(DispatcherServlet.java:1038) ~[spring-webmvc-5.1.3.RELEASE.jar:5.1.3.RELEASE]
	at org.springframework.web.servlet.DispatcherServlet.doService(DispatcherServlet.java:942) ~[spring-webmvc-5.1.3.RELEASE.jar:5.1.3.RELEASE]
	at org.springframework.web.servlet.FrameworkServlet.processRequest(FrameworkServlet.java:1005) ~[spring-webmvc-5.1.3.RELEASE.jar:5.1.3.RELEASE]
	... 62 common frames omitted

2019-01-10 14:40:52.341  INFO 3372 --- [main] com.neuq.question.ApplicationStarter     : Starting ApplicationStarter on E5270-PC with PID 3372 (D:\WorkSpaces\neuq\out\production\classes started by Administrator in D:\WorkSpaces\neuq)
2019-01-10 14:40:52.346  INFO 3372 --- [main] com.neuq.question.ApplicationStarter     : The following profiles are active: develop
2019-01-10 14:40:57.395  INFO 3372 --- [main] .s.d.r.c.RepositoryConfigurationDelegate : Multiple Spring Data modules found, entering strict repository configuration mode!
2019-01-10 14:40:57.396  INFO 3372 --- [main] .s.d.r.c.RepositoryConfigurationDelegate : Bootstrapping Spring Data repositories in DEFAULT mode.
2019-01-10 14:40:57.446  INFO 3372 --- [main] .s.d.r.c.RepositoryConfigurationDelegate : Finished Spring Data repository scanning in 43ms. Found 0 repository interfaces.
2019-01-10 14:40:57.458  INFO 3372 --- [main] .s.d.r.c.RepositoryConfigurationDelegate : Multiple Spring Data modules found, entering strict repository configuration mode!
2019-01-10 14:40:57.460  INFO 3372 --- [main] .s.d.r.c.RepositoryConfigurationDelegate : Bootstrapping Spring Data repositories in DEFAULT mode.
2019-01-10 14:40:57.486  INFO 3372 --- [main] .s.d.r.c.RepositoryConfigurationDelegate : Finished Spring Data repository scanning in 17ms. Found 0 repository interfaces.
2019-01-10 14:40:58.020  INFO 3372 --- [main] trationDelegate$BeanPostProcessorChecker : Bean 'org.springframework.hateoas.config.HateoasConfiguration' of type [org.springframework.hateoas.config.HateoasConfiguration$$EnhancerBySpringCGLIB$$53650db4] is not eligible for getting processed by all BeanPostProcessors (for example: not eligible for auto-proxying)
2019-01-10 14:40:58.507  INFO 3372 --- [main] org.xnio                                 : XNIO version 3.3.8.Final
2019-01-10 14:40:58.529  INFO 3372 --- [main] org.xnio.nio                             : XNIO NIO Implementation Version 3.3.8.Final
2019-01-10 14:40:58.620  WARN 3372 --- [main] io.undertow.websockets.jsr               : UT026010: Buffer pool was not set on WebSocketDeploymentInfo, the default pool will be used
2019-01-10 14:40:58.807  INFO 3372 --- [main] io.undertow.servlet                      : Initializing Spring embedded WebApplicationContext
2019-01-10 14:40:58.807  INFO 3372 --- [main] o.s.web.context.ContextLoader            : Root WebApplicationContext: initialization completed in 6385 ms
2019-01-10 14:40:59.677  INFO 3372 --- [main] org.mongodb.driver.cluster               : Cluster created with settings {hosts=[localhost:27017], mode=MULTIPLE, requiredClusterType=UNKNOWN, serverSelectionTimeout='30000 ms', maxWaitQueueSize=1000}
2019-01-10 14:40:59.677  INFO 3372 --- [main] org.mongodb.driver.cluster               : Adding discovered server localhost:27017 to client view of cluster
2019-01-10 14:40:59.775  INFO 3372 --- [cluster-ClusterId{value='5c36e8fb6c73910d2cc8b99d', description='null'}-localhost:27017] org.mongodb.driver.connection            : Opened connection [connectionId{localValue:1, serverValue:7}] to localhost:27017
2019-01-10 14:40:59.781  INFO 3372 --- [cluster-ClusterId{value='5c36e8fb6c73910d2cc8b99d', description='null'}-localhost:27017] org.mongodb.driver.cluster               : Monitor thread successfully connected to server with description ServerDescription{address=localhost:27017, type=STANDALONE, state=CONNECTED, ok=true, version=ServerVersion{versionList=[4, 0, 5]}, minWireVersion=0, maxWireVersion=7, maxDocumentSize=16777216, logicalSessionTimeoutMinutes=30, roundTripTimeNanos=3474658}
2019-01-10 14:40:59.783  INFO 3372 --- [cluster-ClusterId{value='5c36e8fb6c73910d2cc8b99d', description='null'}-localhost:27017] org.mongodb.driver.cluster               : Discovered cluster type of STANDALONE
2019-01-10 14:41:00.424  INFO 3372 --- [main] org.mongodb.driver.connection            : Opened connection [connectionId{localValue:2, serverValue:8}] to localhost:27017
2019-01-10 14:41:03.654  INFO 3372 --- [main] o.s.b.a.e.web.EndpointLinksResolver      : Exposing 2 endpoint(s) beneath base path '/actuator'
2019-01-10 14:41:04.187  INFO 3372 --- [main] pertySourcedRequestMappingHandlerMapping : Mapped URL path [/v2/api-docs] onto method [public org.springframework.http.ResponseEntity<springfox.documentation.spring.web.json.Json> springfox.documentation.swagger2.web.Swagger2Controller.getDocumentation(java.lang.String,javax.servlet.http.HttpServletRequest)]
2019-01-10 14:41:04.592  INFO 3372 --- [main] o.s.s.concurrent.ThreadPoolTaskExecutor  : Initializing ExecutorService 'applicationTaskExecutor'
2019-01-10 14:41:04.933  WARN 3372 --- [main] ion$DefaultTemplateResolverConfiguration : Cannot find template location: classpath:/templates/ (please add some templates or check your Thymeleaf configuration)
2019-01-10 14:41:05.739  INFO 3372 --- [main] d.s.w.p.DocumentationPluginsBootstrapper : Context refreshed
2019-01-10 14:41:05.804  INFO 3372 --- [main] d.s.w.p.DocumentationPluginsBootstrapper : Found 1 custom documentation plugin(s)
2019-01-10 14:41:06.905  INFO 3372 --- [main] s.d.s.w.s.ApiListingReferenceScanner     : Scanning for api listing references
2019-01-10 14:41:07.167  INFO 3372 --- [main] .d.s.w.r.o.CachingOperationNameGenerator : Generating unique operation named: updateUsingPUT_1
2019-01-10 14:41:07.202  INFO 3372 --- [main] .d.s.w.r.o.CachingOperationNameGenerator : Generating unique operation named: getQRCodeUsingGET_1
2019-01-10 14:41:07.220  INFO 3372 --- [main] .d.s.w.r.o.CachingOperationNameGenerator : Generating unique operation named: updateUsingPUT_2
2019-01-10 14:41:07.294  INFO 3372 --- [main] .d.s.w.r.o.CachingOperationNameGenerator : Generating unique operation named: listUsingGET_1
2019-01-10 14:41:07.310  INFO 3372 --- [main] .d.s.w.r.o.CachingOperationNameGenerator : Generating unique operation named: createUsingPOST_1
2019-01-10 14:41:07.311  INFO 3372 --- [main] .d.s.w.r.o.CachingOperationNameGenerator : Generating unique operation named: deleteUsingDELETE_1
2019-01-10 14:41:07.318  INFO 3372 --- [main] .d.s.w.r.o.CachingOperationNameGenerator : Generating unique operation named: listUsingGET_2
2019-01-10 14:41:07.320  INFO 3372 --- [main] .d.s.w.r.o.CachingOperationNameGenerator : Generating unique operation named: updateUsingPUT_3
2019-01-10 14:41:07.324  INFO 3372 --- [main] .d.s.w.r.o.CachingOperationNameGenerator : Generating unique operation named: queryByConferenceUsingGET_1
2019-01-10 14:41:07.331  INFO 3372 --- [main] .d.s.w.r.o.CachingOperationNameGenerator : Generating unique operation named: createUsingPOST_2
2019-01-10 14:41:07.336  INFO 3372 --- [main] .d.s.w.r.o.CachingOperationNameGenerator : Generating unique operation named: getByIdUsingGET_1
2019-01-10 14:41:07.341  INFO 3372 --- [main] .d.s.w.r.o.CachingOperationNameGenerator : Generating unique operation named: listUsingGET_3
2019-01-10 14:41:07.343  INFO 3372 --- [main] .d.s.w.r.o.CachingOperationNameGenerator : Generating unique operation named: updateUsingPUT_4
2019-01-10 14:41:07.345  INFO 3372 --- [main] .d.s.w.r.o.CachingOperationNameGenerator : Generating unique operation named: deleteUsingDELETE_2
2019-01-10 14:41:07.435  INFO 3372 --- [main] .d.s.w.r.o.CachingOperationNameGenerator : Generating unique operation named: insertUsingPOST_1
2019-01-10 14:41:07.439  INFO 3372 --- [main] .d.s.w.r.o.CachingOperationNameGenerator : Generating unique operation named: listUsingGET_4
2019-01-10 14:41:07.461  INFO 3372 --- [main] .d.s.w.r.o.CachingOperationNameGenerator : Generating unique operation named: updateUsingPUT_5
2019-01-10 14:41:07.467  INFO 3372 --- [main] .d.s.w.r.o.CachingOperationNameGenerator : Generating unique operation named: createUsingPOST_3
2019-01-10 14:41:07.471  INFO 3372 --- [main] .d.s.w.r.o.CachingOperationNameGenerator : Generating unique operation named: deleteUsingDELETE_3
2019-01-10 14:41:07.473  INFO 3372 --- [main] .d.s.w.r.o.CachingOperationNameGenerator : Generating unique operation named: deleteUsingDELETE_4
2019-01-10 14:41:07.475  INFO 3372 --- [main] .d.s.w.r.o.CachingOperationNameGenerator : Generating unique operation named: getByIdUsingGET_2
2019-01-10 14:41:07.484  INFO 3372 --- [main] .d.s.w.r.o.CachingOperationNameGenerator : Generating unique operation named: listUsingGET_5
2019-01-10 14:41:07.493  INFO 3372 --- [main] .d.s.w.r.o.CachingOperationNameGenerator : Generating unique operation named: deleteUsingDELETE_5
2019-01-10 14:41:07.504  INFO 3372 --- [main] .d.s.w.r.o.CachingOperationNameGenerator : Generating unique operation named: insertUsingPOST_2
2019-01-10 14:41:07.515  INFO 3372 --- [main] .d.s.w.r.o.CachingOperationNameGenerator : Generating unique operation named: updateUsingPUT_6
2019-01-10 14:41:07.603  INFO 3372 --- [main] .d.s.w.r.o.CachingOperationNameGenerator : Generating unique operation named: insertUsingPOST_3
2019-01-10 14:41:07.604  INFO 3372 --- [main] .d.s.w.r.o.CachingOperationNameGenerator : Generating unique operation named: updateUsingPUT_7
2019-01-10 14:41:07.606  INFO 3372 --- [main] .d.s.w.r.o.CachingOperationNameGenerator : Generating unique operation named: deleteUsingDELETE_6
2019-01-10 14:41:07.635  INFO 3372 --- [main] .d.s.w.r.o.CachingOperationNameGenerator : Generating unique operation named: insertUsingPOST_4
2019-01-10 14:41:07.647  INFO 3372 --- [main] .d.s.w.r.o.CachingOperationNameGenerator : Generating unique operation named: queryQuestionsUsingGET_1
2019-01-10 14:41:07.648  INFO 3372 --- [main] .d.s.w.r.o.CachingOperationNameGenerator : Generating unique operation named: templateUsingGET_1
2019-01-10 14:41:07.652  INFO 3372 --- [main] .d.s.w.r.o.CachingOperationNameGenerator : Generating unique operation named: updateUsingPUT_8
2019-01-10 14:41:07.656  INFO 3372 --- [main] .d.s.w.r.o.CachingOperationNameGenerator : Generating unique operation named: updateUsingPUT_9
2019-01-10 14:41:07.694  INFO 3372 --- [main] .d.s.w.r.o.CachingOperationNameGenerator : Generating unique operation named: createUsingPOST_4
2019-01-10 14:41:07.696  INFO 3372 --- [main] .d.s.w.r.o.CachingOperationNameGenerator : Generating unique operation named: deleteUsingDELETE_7
2019-01-10 14:41:07.698  INFO 3372 --- [main] .d.s.w.r.o.CachingOperationNameGenerator : Generating unique operation named: getByIdUsingGET_3
2019-01-10 14:41:07.700  INFO 3372 --- [main] .d.s.w.r.o.CachingOperationNameGenerator : Generating unique operation named: getQRCodeUsingGET_2
2019-01-10 14:41:07.703  INFO 3372 --- [main] .d.s.w.r.o.CachingOperationNameGenerator : Generating unique operation named: updateUsingPUT_10
2019-01-10 14:41:07.720  INFO 3372 --- [main] .d.s.w.r.o.CachingOperationNameGenerator : Generating unique operation named: listUsingGET_6
2019-01-10 14:41:07.722  INFO 3372 --- [main] .d.s.w.r.o.CachingOperationNameGenerator : Generating unique operation named: updateUsingPUT_11
2019-01-10 14:41:07.735  INFO 3372 --- [main] .d.s.w.r.o.CachingOperationNameGenerator : Generating unique operation named: listUsingGET_7
2019-01-10 14:41:07.739  INFO 3372 --- [main] .d.s.w.r.o.CachingOperationNameGenerator : Generating unique operation named: getByIdUsingGET_4
2019-01-10 14:41:07.743  INFO 3372 --- [main] .d.s.w.r.o.CachingOperationNameGenerator : Generating unique operation named: updateUsingPUT_12
2019-01-10 14:41:07.934  INFO 3372 --- [main] o.s.b.w.e.u.UndertowServletWebServer     : Undertow started on port(s) 8080 (http) with context path ''
2019-01-10 14:41:07.939  INFO 3372 --- [main] com.neuq.question.ApplicationStarter     : Started ApplicationStarter in 16.566 seconds (JVM running for 17.987)
2019-01-10 14:41:09.286  INFO 3372 --- [RMI TCP Connection(10)-127.0.0.1] io.lettuce.core.EpollProvider            : Starting without optional epoll library
2019-01-10 14:41:09.290  INFO 3372 --- [RMI TCP Connection(10)-127.0.0.1] io.lettuce.core.KqueueProvider           : Starting without optional kqueue library
2019-01-10 14:41:09.399  INFO 3372 --- [RMI TCP Connection(12)-127.0.0.1] io.undertow.servlet                      : Initializing Spring DispatcherServlet 'dispatcherServlet'
2019-01-10 14:41:09.399  INFO 3372 --- [RMI TCP Connection(12)-127.0.0.1] o.s.web.servlet.DispatcherServlet        : Initializing Servlet 'dispatcherServlet'
2019-01-10 14:41:09.451  INFO 3372 --- [RMI TCP Connection(12)-127.0.0.1] o.s.web.servlet.DispatcherServlet        : Completed initialization in 51 ms
2019-01-10 14:41:47.216 ERROR 3372 --- [XNIO-2 task-1] io.undertow.request                      : UT005023: Exception handling request to /rest/v1/client/conference/5c32ea9880f9e31d2cfca24a/app

org.springframework.web.util.NestedServletException: Request processing failed; nested exception is java.lang.NullPointerException
	at org.springframework.web.servlet.FrameworkServlet.processRequest(FrameworkServlet.java:1013) ~[spring-webmvc-5.1.3.RELEASE.jar:5.1.3.RELEASE]
	at org.springframework.web.servlet.FrameworkServlet.doGet(FrameworkServlet.java:897) ~[spring-webmvc-5.1.3.RELEASE.jar:5.1.3.RELEASE]
	at javax.servlet.http.HttpServlet.service(HttpServlet.java:645) ~[javax.servlet-api-4.0.1.jar:4.0.1]
	at org.springframework.web.servlet.FrameworkServlet.service(FrameworkServlet.java:882) ~[spring-webmvc-5.1.3.RELEASE.jar:5.1.3.RELEASE]
	at javax.servlet.http.HttpServlet.service(HttpServlet.java:750) ~[javax.servlet-api-4.0.1.jar:4.0.1]
	at io.undertow.servlet.handlers.ServletHandler.handleRequest(ServletHandler.java:74) ~[undertow-servlet-2.0.16.Final.jar:2.0.16.Final]
	at io.undertow.servlet.handlers.FilterHandler$FilterChainImpl.doFilter(FilterHandler.java:129) ~[undertow-servlet-2.0.16.Final.jar:2.0.16.Final]
	at org.springframework.boot.actuate.web.trace.servlet.HttpTraceFilter.doFilterInternal(HttpTraceFilter.java:90) ~[spring-boot-actuator-2.1.1.RELEASE.jar:2.1.1.RELEASE]
	at org.springframework.web.filter.OncePerRequestFilter.doFilter(OncePerRequestFilter.java:107) ~[spring-web-5.1.3.RELEASE.jar:5.1.3.RELEASE]
	at io.undertow.servlet.core.ManagedFilter.doFilter(ManagedFilter.java:61) ~[undertow-servlet-2.0.16.Final.jar:2.0.16.Final]
	at io.undertow.servlet.handlers.FilterHandler$FilterChainImpl.doFilter(FilterHandler.java:131) ~[undertow-servlet-2.0.16.Final.jar:2.0.16.Final]
	at com.neuq.question.web.config.AllowAllOriginCorsFilter.doFilter(AllowAllOriginCorsFilter.java:26) ~[classes/:na]
	at io.undertow.servlet.core.ManagedFilter.doFilter(ManagedFilter.java:61) ~[undertow-servlet-2.0.16.Final.jar:2.0.16.Final]
	at io.undertow.servlet.handlers.FilterHandler$FilterChainImpl.doFilter(FilterHandler.java:131) ~[undertow-servlet-2.0.16.Final.jar:2.0.16.Final]
	at org.springframework.web.filter.RequestContextFilter.doFilterInternal(RequestContextFilter.java:99) ~[spring-web-5.1.3.RELEASE.jar:5.1.3.RELEASE]
	at org.springframework.web.filter.OncePerRequestFilter.doFilter(OncePerRequestFilter.java:107) ~[spring-web-5.1.3.RELEASE.jar:5.1.3.RELEASE]
	at io.undertow.servlet.core.ManagedFilter.doFilter(ManagedFilter.java:61) ~[undertow-servlet-2.0.16.Final.jar:2.0.16.Final]
	at io.undertow.servlet.handlers.FilterHandler$FilterChainImpl.doFilter(FilterHandler.java:131) ~[undertow-servlet-2.0.16.Final.jar:2.0.16.Final]
	at org.springframework.web.filter.FormContentFilter.doFilterInternal(FormContentFilter.java:92) ~[spring-web-5.1.3.RELEASE.jar:5.1.3.RELEASE]
	at org.springframework.web.filter.OncePerRequestFilter.doFilter(OncePerRequestFilter.java:107) ~[spring-web-5.1.3.RELEASE.jar:5.1.3.RELEASE]
	at io.undertow.servlet.core.ManagedFilter.doFilter(ManagedFilter.java:61) ~[undertow-servlet-2.0.16.Final.jar:2.0.16.Final]
	at io.undertow.servlet.handlers.FilterHandler$FilterChainImpl.doFilter(FilterHandler.java:131) ~[undertow-servlet-2.0.16.Final.jar:2.0.16.Final]
	at org.springframework.web.filter.HiddenHttpMethodFilter.doFilterInternal(HiddenHttpMethodFilter.java:93) ~[spring-web-5.1.3.RELEASE.jar:5.1.3.RELEASE]
	at org.springframework.web.filter.OncePerRequestFilter.doFilter(OncePerRequestFilter.java:107) ~[spring-web-5.1.3.RELEASE.jar:5.1.3.RELEASE]
	at io.undertow.servlet.core.ManagedFilter.doFilter(ManagedFilter.java:61) ~[undertow-servlet-2.0.16.Final.jar:2.0.16.Final]
	at io.undertow.servlet.handlers.FilterHandler$FilterChainImpl.doFilter(FilterHandler.java:131) ~[undertow-servlet-2.0.16.Final.jar:2.0.16.Final]
	at org.springframework.boot.actuate.metrics.web.servlet.WebMvcMetricsFilter.filterAndRecordMetrics(WebMvcMetricsFilter.java:117) ~[spring-boot-actuator-2.1.1.RELEASE.jar:2.1.1.RELEASE]
	at org.springframework.boot.actuate.metrics.web.servlet.WebMvcMetricsFilter.doFilterInternal(WebMvcMetricsFilter.java:106) ~[spring-boot-actuator-2.1.1.RELEASE.jar:2.1.1.RELEASE]
	at org.springframework.web.filter.OncePerRequestFilter.doFilter(OncePerRequestFilter.java:107) ~[spring-web-5.1.3.RELEASE.jar:5.1.3.RELEASE]
	at io.undertow.servlet.core.ManagedFilter.doFilter(ManagedFilter.java:61) ~[undertow-servlet-2.0.16.Final.jar:2.0.16.Final]
	at io.undertow.servlet.handlers.FilterHandler$FilterChainImpl.doFilter(FilterHandler.java:131) ~[undertow-servlet-2.0.16.Final.jar:2.0.16.Final]
	at org.springframework.web.filter.CharacterEncodingFilter.doFilterInternal(CharacterEncodingFilter.java:200) ~[spring-web-5.1.3.RELEASE.jar:5.1.3.RELEASE]
	at org.springframework.web.filter.OncePerRequestFilter.doFilter(OncePerRequestFilter.java:107) ~[spring-web-5.1.3.RELEASE.jar:5.1.3.RELEASE]
	at io.undertow.servlet.core.ManagedFilter.doFilter(ManagedFilter.java:61) ~[undertow-servlet-2.0.16.Final.jar:2.0.16.Final]
	at io.undertow.servlet.handlers.FilterHandler$FilterChainImpl.doFilter(FilterHandler.java:131) ~[undertow-servlet-2.0.16.Final.jar:2.0.16.Final]
	at io.undertow.servlet.handlers.FilterHandler.handleRequest(FilterHandler.java:84) ~[undertow-servlet-2.0.16.Final.jar:2.0.16.Final]
	at io.undertow.servlet.handlers.security.ServletSecurityRoleHandler.handleRequest(ServletSecurityRoleHandler.java:62) ~[undertow-servlet-2.0.16.Final.jar:2.0.16.Final]
	at io.undertow.servlet.handlers.ServletChain$1.handleRequest(ServletChain.java:68) ~[undertow-servlet-2.0.16.Final.jar:2.0.16.Final]
	at io.undertow.servlet.handlers.ServletDispatchingHandler.handleRequest(ServletDispatchingHandler.java:36) ~[undertow-servlet-2.0.16.Final.jar:2.0.16.Final]
	at io.undertow.servlet.handlers.security.SSLInformationAssociationHandler.handleRequest(SSLInformationAssociationHandler.java:132) ~[undertow-servlet-2.0.16.Final.jar:2.0.16.Final]
	at io.undertow.servlet.handlers.security.ServletAuthenticationCallHandler.handleRequest(ServletAuthenticationCallHandler.java:57) ~[undertow-servlet-2.0.16.Final.jar:2.0.16.Final]
	at io.undertow.server.handlers.PredicateHandler.handleRequest(PredicateHandler.java:43) ~[undertow-core-2.0.16.Final.jar:2.0.16.Final]
	at io.undertow.security.handlers.AbstractConfidentialityHandler.handleRequest(AbstractConfidentialityHandler.java:46) ~[undertow-core-2.0.16.Final.jar:2.0.16.Final]
	at io.undertow.servlet.handlers.security.ServletConfidentialityConstraintHandler.handleRequest(ServletConfidentialityConstraintHandler.java:64) ~[undertow-servlet-2.0.16.Final.jar:2.0.16.Final]
	at io.undertow.security.handlers.AuthenticationMechanismsHandler.handleRequest(AuthenticationMechanismsHandler.java:60) ~[undertow-core-2.0.16.Final.jar:2.0.16.Final]
	at io.undertow.servlet.handlers.security.CachedAuthenticatedSessionHandler.handleRequest(CachedAuthenticatedSessionHandler.java:77) ~[undertow-servlet-2.0.16.Final.jar:2.0.16.Final]
	at io.undertow.security.handlers.AbstractSecurityContextAssociationHandler.handleRequest(AbstractSecurityContextAssociationHandler.java:43) ~[undertow-core-2.0.16.Final.jar:2.0.16.Final]
	at io.undertow.server.handlers.PredicateHandler.handleRequest(PredicateHandler.java:43) ~[undertow-core-2.0.16.Final.jar:2.0.16.Final]
	at io.undertow.server.handlers.PredicateHandler.handleRequest(PredicateHandler.java:43) ~[undertow-core-2.0.16.Final.jar:2.0.16.Final]
	at io.undertow.servlet.handlers.ServletInitialHandler.handleFirstRequest(ServletInitialHandler.java:292) [undertow-servlet-2.0.16.Final.jar:2.0.16.Final]
	at io.undertow.servlet.handlers.ServletInitialHandler.access$100(ServletInitialHandler.java:81) [undertow-servlet-2.0.16.Final.jar:2.0.16.Final]
	at io.undertow.servlet.handlers.ServletInitialHandler$2.call(ServletInitialHandler.java:138) [undertow-servlet-2.0.16.Final.jar:2.0.16.Final]
	at io.undertow.servlet.handlers.ServletInitialHandler$2.call(ServletInitialHandler.java:135) [undertow-servlet-2.0.16.Final.jar:2.0.16.Final]
	at io.undertow.servlet.core.ServletRequestContextThreadSetupAction$1.call(ServletRequestContextThreadSetupAction.java:48) [undertow-servlet-2.0.16.Final.jar:2.0.16.Final]
	at io.undertow.servlet.core.ContextClassLoaderSetupAction$1.call(ContextClassLoaderSetupAction.java:43) [undertow-servlet-2.0.16.Final.jar:2.0.16.Final]
	at io.undertow.servlet.handlers.ServletInitialHandler.dispatchRequest(ServletInitialHandler.java:272) [undertow-servlet-2.0.16.Final.jar:2.0.16.Final]
	at io.undertow.servlet.handlers.ServletInitialHandler.access$000(ServletInitialHandler.java:81) [undertow-servlet-2.0.16.Final.jar:2.0.16.Final]
	at io.undertow.servlet.handlers.ServletInitialHandler$1.handleRequest(ServletInitialHandler.java:104) [undertow-servlet-2.0.16.Final.jar:2.0.16.Final]
	at io.undertow.server.Connectors.executeRootHandler(Connectors.java:360) [undertow-core-2.0.16.Final.jar:2.0.16.Final]
	at io.undertow.server.HttpServerExchange$1.run(HttpServerExchange.java:830) [undertow-core-2.0.16.Final.jar:2.0.16.Final]
	at java.util.concurrent.ThreadPoolExecutor.runWorker(ThreadPoolExecutor.java:1142) [na:1.8.0_25]
	at java.util.concurrent.ThreadPoolExecutor$Worker.run(ThreadPoolExecutor.java:617) [na:1.8.0_25]
	at java.lang.Thread.run(Thread.java:745) [na:1.8.0_25]
Caused by: java.lang.NullPointerException: null
	at com.neuq.question.service.impl.ConferenceAppServiceImpl.queryConferenceAppWithDefault(ConferenceAppServiceImpl.java:31) ~[classes/:na]
	at com.neuq.question.web.rest.client.conference.ClientConferenceAppController.queryByConference(ClientConferenceAppController.java:49) ~[classes/:na]
	at sun.reflect.NativeMethodAccessorImpl.invoke0(Native Method) ~[na:1.8.0_25]
	at sun.reflect.NativeMethodAccessorImpl.invoke(NativeMethodAccessorImpl.java:62) ~[na:1.8.0_25]
	at sun.reflect.DelegatingMethodAccessorImpl.invoke(DelegatingMethodAccessorImpl.java:43) ~[na:1.8.0_25]
	at java.lang.reflect.Method.invoke(Method.java:483) ~[na:1.8.0_25]
	at org.springframework.web.method.support.InvocableHandlerMethod.doInvoke(InvocableHandlerMethod.java:189) ~[spring-web-5.1.3.RELEASE.jar:5.1.3.RELEASE]
	at org.springframework.web.method.support.InvocableHandlerMethod.invokeForRequest(InvocableHandlerMethod.java:138) ~[spring-web-5.1.3.RELEASE.jar:5.1.3.RELEASE]
	at org.springframework.web.servlet.mvc.method.annotation.ServletInvocableHandlerMethod.invokeAndHandle(ServletInvocableHandlerMethod.java:102) ~[spring-webmvc-5.1.3.RELEASE.jar:5.1.3.RELEASE]
	at org.springframework.web.servlet.mvc.method.annotation.RequestMappingHandlerAdapter.invokeHandlerMethod(RequestMappingHandlerAdapter.java:895) ~[spring-webmvc-5.1.3.RELEASE.jar:5.1.3.RELEASE]
	at org.springframework.web.servlet.mvc.method.annotation.RequestMappingHandlerAdapter.handleInternal(RequestMappingHandlerAdapter.java:800) ~[spring-webmvc-5.1.3.RELEASE.jar:5.1.3.RELEASE]
	at org.springframework.web.servlet.mvc.method.AbstractHandlerMethodAdapter.handle(AbstractHandlerMethodAdapter.java:87) ~[spring-webmvc-5.1.3.RELEASE.jar:5.1.3.RELEASE]
	at org.springframework.web.servlet.DispatcherServlet.doDispatch(DispatcherServlet.java:1038) ~[spring-webmvc-5.1.3.RELEASE.jar:5.1.3.RELEASE]
	at org.springframework.web.servlet.DispatcherServlet.doService(DispatcherServlet.java:942) ~[spring-webmvc-5.1.3.RELEASE.jar:5.1.3.RELEASE]
	at org.springframework.web.servlet.FrameworkServlet.processRequest(FrameworkServlet.java:1005) ~[spring-webmvc-5.1.3.RELEASE.jar:5.1.3.RELEASE]
	... 62 common frames omitted

2019-01-10 14:43:01.697  INFO 10684 --- [main] com.neuq.question.ApplicationStarter     : Starting ApplicationStarter on E5270-PC with PID 10684 (D:\WorkSpaces\neuq\out\production\classes started by Administrator in D:\WorkSpaces\neuq)
2019-01-10 14:43:01.702  INFO 10684 --- [main] com.neuq.question.ApplicationStarter     : The following profiles are active: develop
2019-01-10 14:43:03.589  INFO 10684 --- [main] .s.d.r.c.RepositoryConfigurationDelegate : Multiple Spring Data modules found, entering strict repository configuration mode!
2019-01-10 14:43:03.589  INFO 10684 --- [main] .s.d.r.c.RepositoryConfigurationDelegate : Bootstrapping Spring Data repositories in DEFAULT mode.
2019-01-10 14:43:03.646  INFO 10684 --- [main] .s.d.r.c.RepositoryConfigurationDelegate : Finished Spring Data repository scanning in 50ms. Found 0 repository interfaces.
2019-01-10 14:43:03.660  INFO 10684 --- [main] .s.d.r.c.RepositoryConfigurationDelegate : Multiple Spring Data modules found, entering strict repository configuration mode!
2019-01-10 14:43:03.662  INFO 10684 --- [main] .s.d.r.c.RepositoryConfigurationDelegate : Bootstrapping Spring Data repositories in DEFAULT mode.
2019-01-10 14:43:03.691  INFO 10684 --- [main] .s.d.r.c.RepositoryConfigurationDelegate : Finished Spring Data repository scanning in 20ms. Found 0 repository interfaces.
2019-01-10 14:43:04.233  INFO 10684 --- [main] trationDelegate$BeanPostProcessorChecker : Bean 'org.springframework.hateoas.config.HateoasConfiguration' of type [org.springframework.hateoas.config.HateoasConfiguration$$EnhancerBySpringCGLIB$$746bfe78] is not eligible for getting processed by all BeanPostProcessors (for example: not eligible for auto-proxying)
2019-01-10 14:43:04.651  INFO 10684 --- [main] org.xnio                                 : XNIO version 3.3.8.Final
2019-01-10 14:43:04.692  INFO 10684 --- [main] org.xnio.nio                             : XNIO NIO Implementation Version 3.3.8.Final
2019-01-10 14:43:04.900  WARN 10684 --- [main] io.undertow.websockets.jsr               : UT026010: Buffer pool was not set on WebSocketDeploymentInfo, the default pool will be used
2019-01-10 14:43:04.931  INFO 10684 --- [main] io.undertow.servlet                      : Initializing Spring embedded WebApplicationContext
2019-01-10 14:43:04.932  INFO 10684 --- [main] o.s.web.context.ContextLoader            : Root WebApplicationContext: initialization completed in 3167 ms
2019-01-10 14:43:05.776  INFO 10684 --- [main] org.mongodb.driver.cluster               : Cluster created with settings {hosts=[localhost:27017], mode=MULTIPLE, requiredClusterType=UNKNOWN, serverSelectionTimeout='30000 ms', maxWaitQueueSize=1000}
2019-01-10 14:43:05.776  INFO 10684 --- [main] org.mongodb.driver.cluster               : Adding discovered server localhost:27017 to client view of cluster
2019-01-10 14:43:05.865  INFO 10684 --- [cluster-ClusterId{value='5c36e9796c739129bcf38eef', description='null'}-localhost:27017] org.mongodb.driver.connection            : Opened connection [connectionId{localValue:1, serverValue:9}] to localhost:27017
2019-01-10 14:43:05.872  INFO 10684 --- [cluster-ClusterId{value='5c36e9796c739129bcf38eef', description='null'}-localhost:27017] org.mongodb.driver.cluster               : Monitor thread successfully connected to server with description ServerDescription{address=localhost:27017, type=STANDALONE, state=CONNECTED, ok=true, version=ServerVersion{versionList=[4, 0, 5]}, minWireVersion=0, maxWireVersion=7, maxDocumentSize=16777216, logicalSessionTimeoutMinutes=30, roundTripTimeNanos=3972561}
2019-01-10 14:43:05.874  INFO 10684 --- [cluster-ClusterId{value='5c36e9796c739129bcf38eef', description='null'}-localhost:27017] org.mongodb.driver.cluster               : Discovered cluster type of STANDALONE
2019-01-10 14:43:06.488  INFO 10684 --- [main] org.mongodb.driver.connection            : Opened connection [connectionId{localValue:2, serverValue:10}] to localhost:27017
2019-01-10 14:43:09.724  INFO 10684 --- [main] o.s.b.a.e.web.EndpointLinksResolver      : Exposing 2 endpoint(s) beneath base path '/actuator'
2019-01-10 14:43:10.127  INFO 10684 --- [main] pertySourcedRequestMappingHandlerMapping : Mapped URL path [/v2/api-docs] onto method [public org.springframework.http.ResponseEntity<springfox.documentation.spring.web.json.Json> springfox.documentation.swagger2.web.Swagger2Controller.getDocumentation(java.lang.String,javax.servlet.http.HttpServletRequest)]
2019-01-10 14:43:10.471  INFO 10684 --- [main] o.s.s.concurrent.ThreadPoolTaskExecutor  : Initializing ExecutorService 'applicationTaskExecutor'
2019-01-10 14:43:10.709  WARN 10684 --- [main] ion$DefaultTemplateResolverConfiguration : Cannot find template location: classpath:/templates/ (please add some templates or check your Thymeleaf configuration)
2019-01-10 14:43:11.444  INFO 10684 --- [main] d.s.w.p.DocumentationPluginsBootstrapper : Context refreshed
2019-01-10 14:43:11.469  INFO 10684 --- [main] d.s.w.p.DocumentationPluginsBootstrapper : Found 1 custom documentation plugin(s)
2019-01-10 14:43:12.203  INFO 10684 --- [main] s.d.s.w.s.ApiListingReferenceScanner     : Scanning for api listing references
2019-01-10 14:43:12.394  INFO 10684 --- [main] .d.s.w.r.o.CachingOperationNameGenerator : Generating unique operation named: updateUsingPUT_1
2019-01-10 14:43:12.432  INFO 10684 --- [main] .d.s.w.r.o.CachingOperationNameGenerator : Generating unique operation named: getQRCodeUsingGET_1
2019-01-10 14:43:12.451  INFO 10684 --- [main] .d.s.w.r.o.CachingOperationNameGenerator : Generating unique operation named: updateUsingPUT_2
2019-01-10 14:43:12.521  INFO 10684 --- [main] .d.s.w.r.o.CachingOperationNameGenerator : Generating unique operation named: listUsingGET_1
2019-01-10 14:43:12.536  INFO 10684 --- [main] .d.s.w.r.o.CachingOperationNameGenerator : Generating unique operation named: createUsingPOST_1
2019-01-10 14:43:12.538  INFO 10684 --- [main] .d.s.w.r.o.CachingOperationNameGenerator : Generating unique operation named: deleteUsingDELETE_1
2019-01-10 14:43:12.546  INFO 10684 --- [main] .d.s.w.r.o.CachingOperationNameGenerator : Generating unique operation named: listUsingGET_2
2019-01-10 14:43:12.547  INFO 10684 --- [main] .d.s.w.r.o.CachingOperationNameGenerator : Generating unique operation named: updateUsingPUT_3
2019-01-10 14:43:12.551  INFO 10684 --- [main] .d.s.w.r.o.CachingOperationNameGenerator : Generating unique operation named: queryByConferenceUsingGET_1
2019-01-10 14:43:12.558  INFO 10684 --- [main] .d.s.w.r.o.CachingOperationNameGenerator : Generating unique operation named: createUsingPOST_2
2019-01-10 14:43:12.564  INFO 10684 --- [main] .d.s.w.r.o.CachingOperationNameGenerator : Generating unique operation named: getByIdUsingGET_1
2019-01-10 14:43:12.569  INFO 10684 --- [main] .d.s.w.r.o.CachingOperationNameGenerator : Generating unique operation named: listUsingGET_3
2019-01-10 14:43:12.571  INFO 10684 --- [main] .d.s.w.r.o.CachingOperationNameGenerator : Generating unique operation named: updateUsingPUT_4
2019-01-10 14:43:12.573  INFO 10684 --- [main] .d.s.w.r.o.CachingOperationNameGenerator : Generating unique operation named: deleteUsingDELETE_2
2019-01-10 14:43:12.657  INFO 10684 --- [main] .d.s.w.r.o.CachingOperationNameGenerator : Generating unique operation named: insertUsingPOST_1
2019-01-10 14:43:12.661  INFO 10684 --- [main] .d.s.w.r.o.CachingOperationNameGenerator : Generating unique operation named: listUsingGET_4
2019-01-10 14:43:12.679  INFO 10684 --- [main] .d.s.w.r.o.CachingOperationNameGenerator : Generating unique operation named: updateUsingPUT_5
2019-01-10 14:43:12.685  INFO 10684 --- [main] .d.s.w.r.o.CachingOperationNameGenerator : Generating unique operation named: createUsingPOST_3
2019-01-10 14:43:12.689  INFO 10684 --- [main] .d.s.w.r.o.CachingOperationNameGenerator : Generating unique operation named: deleteUsingDELETE_3
2019-01-10 14:43:12.691  INFO 10684 --- [main] .d.s.w.r.o.CachingOperationNameGenerator : Generating unique operation named: deleteUsingDELETE_4
2019-01-10 14:43:12.693  INFO 10684 --- [main] .d.s.w.r.o.CachingOperationNameGenerator : Generating unique operation named: getByIdUsingGET_2
2019-01-10 14:43:12.699  INFO 10684 --- [main] .d.s.w.r.o.CachingOperationNameGenerator : Generating unique operation named: listUsingGET_5
2019-01-10 14:43:12.707  INFO 10684 --- [main] .d.s.w.r.o.CachingOperationNameGenerator : Generating unique operation named: deleteUsingDELETE_5
2019-01-10 14:43:12.717  INFO 10684 --- [main] .d.s.w.r.o.CachingOperationNameGenerator : Generating unique operation named: insertUsingPOST_2
2019-01-10 14:43:12.730  INFO 10684 --- [main] .d.s.w.r.o.CachingOperationNameGenerator : Generating unique operation named: updateUsingPUT_6
2019-01-10 14:43:12.820  INFO 10684 --- [main] .d.s.w.r.o.CachingOperationNameGenerator : Generating unique operation named: insertUsingPOST_3
2019-01-10 14:43:12.822  INFO 10684 --- [main] .d.s.w.r.o.CachingOperationNameGenerator : Generating unique operation named: updateUsingPUT_7
2019-01-10 14:43:12.823  INFO 10684 --- [main] .d.s.w.r.o.CachingOperationNameGenerator : Generating unique operation named: deleteUsingDELETE_6
2019-01-10 14:43:12.853  INFO 10684 --- [main] .d.s.w.r.o.CachingOperationNameGenerator : Generating unique operation named: insertUsingPOST_4
2019-01-10 14:43:12.858  INFO 10684 --- [main] .d.s.w.r.o.CachingOperationNameGenerator : Generating unique operation named: queryQuestionsUsingGET_1
2019-01-10 14:43:12.859  INFO 10684 --- [main] .d.s.w.r.o.CachingOperationNameGenerator : Generating unique operation named: templateUsingGET_1
2019-01-10 14:43:12.862  INFO 10684 --- [main] .d.s.w.r.o.CachingOperationNameGenerator : Generating unique operation named: updateUsingPUT_8
2019-01-10 14:43:12.864  INFO 10684 --- [main] .d.s.w.r.o.CachingOperationNameGenerator : Generating unique operation named: updateUsingPUT_9
2019-01-10 14:43:12.894  INFO 10684 --- [main] .d.s.w.r.o.CachingOperationNameGenerator : Generating unique operation named: createUsingPOST_4
2019-01-10 14:43:12.895  INFO 10684 --- [main] .d.s.w.r.o.CachingOperationNameGenerator : Generating unique operation named: deleteUsingDELETE_7
2019-01-10 14:43:12.897  INFO 10684 --- [main] .d.s.w.r.o.CachingOperationNameGenerator : Generating unique operation named: getByIdUsingGET_3
2019-01-10 14:43:12.898  INFO 10684 --- [main] .d.s.w.r.o.CachingOperationNameGenerator : Generating unique operation named: getQRCodeUsingGET_2
2019-01-10 14:43:12.900  INFO 10684 --- [main] .d.s.w.r.o.CachingOperationNameGenerator : Generating unique operation named: updateUsingPUT_10
2019-01-10 14:43:12.912  INFO 10684 --- [main] .d.s.w.r.o.CachingOperationNameGenerator : Generating unique operation named: listUsingGET_6
2019-01-10 14:43:12.913  INFO 10684 --- [main] .d.s.w.r.o.CachingOperationNameGenerator : Generating unique operation named: updateUsingPUT_11
2019-01-10 14:43:12.922  INFO 10684 --- [main] .d.s.w.r.o.CachingOperationNameGenerator : Generating unique operation named: listUsingGET_7
2019-01-10 14:43:12.925  INFO 10684 --- [main] .d.s.w.r.o.CachingOperationNameGenerator : Generating unique operation named: getByIdUsingGET_4
2019-01-10 14:43:12.927  INFO 10684 --- [main] .d.s.w.r.o.CachingOperationNameGenerator : Generating unique operation named: updateUsingPUT_12
2019-01-10 14:43:13.019  INFO 10684 --- [main] o.s.b.w.e.u.UndertowServletWebServer     : Undertow started on port(s) 8080 (http) with context path ''
2019-01-10 14:43:13.025  INFO 10684 --- [main] com.neuq.question.ApplicationStarter     : Started ApplicationStarter in 12.608 seconds (JVM running for 14.073)
2019-01-10 14:43:14.036  INFO 10684 --- [RMI TCP Connection(6)-127.0.0.1] io.undertow.servlet                      : Initializing Spring DispatcherServlet 'dispatcherServlet'
2019-01-10 14:43:14.036  INFO 10684 --- [RMI TCP Connection(6)-127.0.0.1] o.s.web.servlet.DispatcherServlet        : Initializing Servlet 'dispatcherServlet'
2019-01-10 14:43:14.069  INFO 10684 --- [RMI TCP Connection(6)-127.0.0.1] o.s.web.servlet.DispatcherServlet        : Completed initialization in 33 ms
2019-01-10 14:43:14.225  INFO 10684 --- [RMI TCP Connection(9)-127.0.0.1] io.lettuce.core.EpollProvider            : Starting without optional epoll library
2019-01-10 14:43:14.227  INFO 10684 --- [RMI TCP Connection(9)-127.0.0.1] io.lettuce.core.KqueueProvider           : Starting without optional kqueue library
